TimeQuest Timing Analyzer report for L0501
Fri Aug 26 15:08:38 2022
Quartus II Version 9.0 Build 235 06/17/2009 Service Pack 2 SJ Web Edition


---------------------
; Table of Contents ;
---------------------
  1. Legal Notice
  2. TimeQuest Timing Analyzer Summary
  3. Parallel Compilation
  4. Clocks
  5. Slow 1200mV 85C Model Fmax Summary
  6. Slow 1200mV 85C Model Setup Summary
  7. Slow 1200mV 85C Model Hold Summary
  8. Slow 1200mV 85C Model Recovery Summary
  9. Slow 1200mV 85C Model Removal Summary
 10. Slow 1200mV 85C Model Minimum Pulse Width
 11. Propagation Delay
 12. Minimum Propagation Delay
 13. Slow 1200mV 0C Model Fmax Summary
 14. Slow 1200mV 0C Model Setup Summary
 15. Slow 1200mV 0C Model Hold Summary
 16. Slow 1200mV 0C Model Recovery Summary
 17. Slow 1200mV 0C Model Removal Summary
 18. Slow 1200mV 0C Model Minimum Pulse Width
 19. Propagation Delay
 20. Minimum Propagation Delay
 21. Fast 1200mV 0C Model Setup Summary
 22. Fast 1200mV 0C Model Hold Summary
 23. Fast 1200mV 0C Model Recovery Summary
 24. Fast 1200mV 0C Model Removal Summary
 25. Fast 1200mV 0C Model Minimum Pulse Width
 26. Propagation Delay
 27. Minimum Propagation Delay
 28. Multicorner Timing Analysis Summary
 29. Progagation Delay
 30. Minimum Progagation Delay
 31. Board Trace Model Assignments
 32. Input Transition Times
 33. Slow Corner Signal Integrity Metrics
 34. Fast Corner Signal Integrity Metrics
 35. Clock Transfers
 36. Report TCCS
 37. Report RSKM
 38. Unconstrained Paths
 39. TimeQuest Timing Analyzer Messages



----------------
; Legal Notice ;
----------------
Copyright (C) 1991-2009 Altera Corporation
Your use of Altera Corporation's design tools, logic functions 
and other software and tools, and its AMPP partner logic 
functions, and any output files from any of the foregoing 
(including device programming or simulation files), and any 
associated documentation or information are expressly subject 
to the terms and conditions of the Altera Program License 
Subscription Agreement, Altera MegaCore Function License 
Agreement, or other applicable license agreement, including, 
without limitation, that your use is for the sole purpose of 
programming logic devices manufactured by Altera and sold by 
Altera or its authorized distributors.  Please refer to the 
applicable agreement for further details.



+-------------------------------------------------------------------------------------+
; TimeQuest Timing Analyzer Summary                                                   ;
+--------------------+----------------------------------------------------------------+
; Quartus II Version ; Version 9.0 Build 235 06/17/2009 Service Pack 2 SJ Web Edition ;
; Revision Name      ; L0501                                                          ;
; Device Family      ; Cyclone III                                                    ;
; Device Name        ; EP3C16F484C6                                                   ;
; Timing Models      ; Final                                                          ;
; Delay Model        ; Combined                                                       ;
; Rise/Fall Delays   ; Enabled                                                        ;
+--------------------+----------------------------------------------------------------+


Parallel compilation was disabled, but you have multiple processors available. Enable parallel compilation to reduce compilation time.
+-------------------------------------+
; Parallel Compilation                ;
+----------------------------+--------+
; Processors                 ; Number ;
+----------------------------+--------+
; Number detected on machine ; 12     ;
; Maximum allowed            ; 1      ;
+----------------------------+--------+


----------
; Clocks ;
----------
No clocks to report.


--------------------------------------
; Slow 1200mV 85C Model Fmax Summary ;
--------------------------------------
No paths to report.


---------------------------------------
; Slow 1200mV 85C Model Setup Summary ;
---------------------------------------
No paths to report.


--------------------------------------
; Slow 1200mV 85C Model Hold Summary ;
--------------------------------------
No paths to report.


------------------------------------------
; Slow 1200mV 85C Model Recovery Summary ;
------------------------------------------
No paths to report.


-----------------------------------------
; Slow 1200mV 85C Model Removal Summary ;
-----------------------------------------
No paths to report.


---------------------------------------------
; Slow 1200mV 85C Model Minimum Pulse Width ;
---------------------------------------------
Nothing to report.


+----------------------------------------------------------+
; Propagation Delay                                        ;
+------------+-------------+-------+-------+-------+-------+
; Input Port ; Output Port ; RR    ; RF    ; FR    ; FF    ;
+------------+-------------+-------+-------+-------+-------+
; A[0]       ; Y[0]        ; 7.433 ;       ;       ; 7.833 ;
; A[0]       ; Y[1]        ;       ; 7.173 ; 7.668 ;       ;
; A[0]       ; Y[2]        ; 8.414 ;       ;       ; 8.748 ;
; A[0]       ; Y[3]        ;       ; 7.118 ; 7.636 ;       ;
; A[0]       ; Y[4]        ; 7.087 ;       ;       ; 7.550 ;
; A[0]       ; Y[5]        ;       ; 7.031 ; 7.451 ;       ;
; A[0]       ; Y[6]        ; 7.168 ;       ;       ; 7.608 ;
; A[0]       ; Y[7]        ;       ; 7.171 ; 7.632 ;       ;
; A[0]       ; Y[8]        ; 7.199 ;       ;       ; 7.658 ;
; A[0]       ; Y[9]        ;       ; 7.083 ; 7.548 ;       ;
; A[1]       ; Y[0]        ; 7.887 ;       ;       ; 8.269 ;
; A[1]       ; Y[1]        ; 7.197 ;       ;       ; 7.623 ;
; A[1]       ; Y[2]        ;       ; 8.336 ; 8.892 ;       ;
; A[1]       ; Y[3]        ;       ; 7.329 ; 7.833 ;       ;
; A[1]       ; Y[4]        ; 7.093 ;       ;       ; 7.548 ;
; A[1]       ; Y[5]        ; 7.093 ;       ;       ; 7.560 ;
; A[1]       ; Y[6]        ;       ; 7.332 ; 7.792 ;       ;
; A[1]       ; Y[7]        ;       ; 7.450 ; 7.918 ;       ;
; A[1]       ; Y[8]        ; 7.171 ;       ;       ; 7.609 ;
; A[1]       ; Y[9]        ; 7.381 ;       ;       ; 7.833 ;
; A[2]       ; Y[0]        ; 7.373 ;       ;       ; 7.793 ;
; A[2]       ; Y[1]        ; 7.294 ;       ;       ; 7.740 ;
; A[2]       ; Y[2]        ; 8.558 ;       ;       ; 8.897 ;
; A[2]       ; Y[3]        ; 7.243 ;       ;       ; 7.699 ;
; A[2]       ; Y[4]        ;       ; 7.212 ; 7.683 ;       ;
; A[2]       ; Y[5]        ;       ; 7.223 ; 7.683 ;       ;
; A[2]       ; Y[6]        ;       ; 7.240 ; 7.739 ;       ;
; A[2]       ; Y[7]        ;       ; 7.373 ; 7.844 ;       ;
; A[2]       ; Y[8]        ; 7.267 ;       ;       ; 7.726 ;
; A[2]       ; Y[9]        ; 7.249 ;       ;       ; 7.707 ;
; A[3]       ; Y[0]        ; 7.434 ;       ;       ; 7.829 ;
; A[3]       ; Y[1]        ; 7.249 ;       ;       ; 7.700 ;
; A[3]       ; Y[2]        ; 8.439 ;       ;       ; 8.786 ;
; A[3]       ; Y[3]        ; 6.910 ;       ;       ; 7.368 ;
; A[3]       ; Y[4]        ; 7.106 ;       ;       ; 7.589 ;
; A[3]       ; Y[5]        ; 7.136 ;       ;       ; 7.619 ;
; A[3]       ; Y[6]        ; 6.914 ;       ;       ; 7.362 ;
; A[3]       ; Y[7]        ; 7.019 ;       ;       ; 7.502 ;
; A[3]       ; Y[8]        ;       ; 7.185 ; 7.679 ;       ;
; A[3]       ; Y[9]        ;       ; 6.843 ; 7.277 ;       ;
; B[0]       ; Y[0]        ; 7.551 ;       ;       ; 7.944 ;
; B[0]       ; Y[1]        ;       ; 7.291 ; 7.779 ;       ;
; B[0]       ; Y[2]        ; 8.532 ;       ;       ; 8.859 ;
; B[0]       ; Y[3]        ;       ; 7.236 ; 7.747 ;       ;
; B[0]       ; Y[4]        ; 7.205 ;       ;       ; 7.661 ;
; B[0]       ; Y[5]        ;       ; 7.155 ; 7.568 ;       ;
; B[0]       ; Y[6]        ; 7.286 ;       ;       ; 7.719 ;
; B[0]       ; Y[7]        ;       ; 7.295 ; 7.749 ;       ;
; B[0]       ; Y[8]        ; 7.317 ;       ;       ; 7.769 ;
; B[0]       ; Y[9]        ;       ; 7.201 ; 7.659 ;       ;
; B[1]       ; Y[0]        ; 7.627 ;       ;       ; 8.016 ;
; B[1]       ; Y[1]        ; 6.937 ;       ;       ; 7.370 ;
; B[1]       ; Y[2]        ;       ; 8.076 ; 8.639 ;       ;
; B[1]       ; Y[3]        ;       ; 7.072 ; 7.582 ;       ;
; B[1]       ; Y[4]        ; 6.833 ;       ;       ; 7.295 ;
; B[1]       ; Y[5]        ; 6.833 ;       ;       ; 7.307 ;
; B[1]       ; Y[6]        ;       ; 7.075 ; 7.541 ;       ;
; B[1]       ; Y[7]        ;       ; 7.193 ; 7.667 ;       ;
; B[1]       ; Y[8]        ; 6.911 ;       ;       ; 7.356 ;
; B[1]       ; Y[9]        ; 7.121 ;       ;       ; 7.580 ;
; B[2]       ; Y[0]        ; 7.127 ;       ;       ; 7.523 ;
; B[2]       ; Y[1]        ; 7.048 ;       ;       ; 7.470 ;
; B[2]       ; Y[2]        ; 8.312 ;       ;       ; 8.627 ;
; B[2]       ; Y[3]        ; 6.997 ;       ;       ; 7.429 ;
; B[2]       ; Y[4]        ;       ; 6.966 ; 7.413 ;       ;
; B[2]       ; Y[5]        ;       ; 6.977 ; 7.413 ;       ;
; B[2]       ; Y[6]        ;       ; 6.994 ; 7.469 ;       ;
; B[2]       ; Y[7]        ;       ; 7.127 ; 7.574 ;       ;
; B[2]       ; Y[8]        ; 7.021 ;       ;       ; 7.456 ;
; B[2]       ; Y[9]        ; 7.003 ;       ;       ; 7.437 ;
; B[3]       ; Y[0]        ; 7.361 ;       ;       ; 7.789 ;
; B[3]       ; Y[1]        ; 7.176 ;       ;       ; 7.660 ;
; B[3]       ; Y[2]        ; 8.366 ;       ;       ; 8.746 ;
; B[3]       ; Y[3]        ; 6.837 ;       ;       ; 7.328 ;
; B[3]       ; Y[4]        ; 7.033 ;       ;       ; 7.549 ;
; B[3]       ; Y[5]        ; 7.063 ;       ;       ; 7.579 ;
; B[3]       ; Y[6]        ; 6.841 ;       ;       ; 7.322 ;
; B[3]       ; Y[7]        ; 6.946 ;       ;       ; 7.462 ;
; B[3]       ; Y[8]        ;       ; 7.112 ; 7.639 ;       ;
; B[3]       ; Y[9]        ;       ; 6.640 ; 7.074 ;       ;
; G          ; Y[0]        ;       ; 7.698 ; 8.133 ;       ;
; G          ; Y[1]        ; 7.532 ; 7.370 ; 7.748 ; 7.868 ;
; G          ; Y[2]        ; 8.321 ; 8.612 ; 9.109 ; 8.582 ;
; G          ; Y[3]        ; 7.500 ; 7.145 ; 7.524 ; 7.813 ;
; G          ; Y[4]        ; 7.129 ; 7.414 ; 7.782 ; 7.493 ;
; G          ; Y[5]        ; 7.129 ; 7.289 ; 7.635 ; 7.504 ;
; G          ; Y[6]        ; 7.185 ; 7.472 ; 7.863 ; 7.521 ;
; G          ; Y[7]        ; 7.290 ; 7.172 ; 7.518 ; 7.654 ;
; G          ; Y[8]        ; 7.349 ; 7.522 ; 7.894 ; 7.684 ;
; G          ; Y[9]        ; 7.412 ; 7.262 ; 7.627 ; 7.778 ;
; S          ; Y[0]        ; 7.574 ; 7.624 ; 8.083 ; 7.975 ;
; S          ; Y[1]        ; 7.222 ; 7.227 ; 7.669 ; 7.730 ;
; S          ; Y[2]        ; 8.412 ; 8.313 ; 8.816 ; 8.816 ;
; S          ; Y[3]        ; 7.195 ; 7.116 ; 7.637 ; 7.529 ;
; S          ; Y[4]        ; 7.085 ; 7.116 ; 7.484 ; 7.619 ;
; S          ; Y[5]        ; 7.109 ; 7.146 ; 7.513 ; 7.649 ;
; S          ; Y[6]        ; 7.166 ; 7.157 ; 7.565 ; 7.609 ;
; S          ; Y[7]        ; 7.280 ; 7.174 ; 7.670 ; 7.650 ;
; S          ; Y[8]        ; 7.206 ; 7.207 ; 7.709 ; 7.659 ;
; S          ; Y[9]        ; 7.097 ; 7.188 ; 7.577 ; 7.539 ;
+------------+-------------+-------+-------+-------+-------+


+----------------------------------------------------------+
; Minimum Propagation Delay                                ;
+------------+-------------+-------+-------+-------+-------+
; Input Port ; Output Port ; RR    ; RF    ; FR    ; FF    ;
+------------+-------------+-------+-------+-------+-------+
; A[0]       ; Y[0]        ; 7.249 ;       ;       ; 7.636 ;
; A[0]       ; Y[1]        ;       ; 6.998 ; 7.478 ;       ;
; A[0]       ; Y[2]        ; 8.242 ;       ;       ; 8.564 ;
; A[0]       ; Y[3]        ;       ; 6.947 ; 7.447 ;       ;
; A[0]       ; Y[4]        ; 6.916 ;       ;       ; 7.365 ;
; A[0]       ; Y[5]        ;       ; 6.862 ; 7.270 ;       ;
; A[0]       ; Y[6]        ; 6.995 ;       ;       ; 7.423 ;
; A[0]       ; Y[7]        ;       ; 7.000 ; 7.444 ;       ;
; A[0]       ; Y[8]        ; 7.025 ;       ;       ; 7.470 ;
; A[0]       ; Y[9]        ;       ; 6.913 ; 7.365 ;       ;
; A[1]       ; Y[0]        ; 7.634 ;       ;       ; 7.995 ;
; A[1]       ; Y[1]        ; 6.971 ;       ;       ; 7.374 ;
; A[1]       ; Y[2]        ;       ; 8.114 ; 8.644 ;       ;
; A[1]       ; Y[3]        ;       ; 7.099 ; 7.572 ;       ;
; A[1]       ; Y[4]        ; 6.871 ;       ;       ; 7.303 ;
; A[1]       ; Y[5]        ; 6.872 ;       ;       ; 7.314 ;
; A[1]       ; Y[6]        ;       ; 7.103 ; 7.533 ;       ;
; A[1]       ; Y[7]        ;       ; 7.218 ; 7.655 ;       ;
; A[1]       ; Y[8]        ; 6.947 ;       ;       ; 7.363 ;
; A[1]       ; Y[9]        ; 7.150 ;       ;       ; 7.577 ;
; A[2]       ; Y[0]        ; 7.140 ;       ;       ; 7.538 ;
; A[2]       ; Y[1]        ; 7.064 ;       ;       ; 7.486 ;
; A[2]       ; Y[2]        ; 8.330 ;       ;       ; 8.647 ;
; A[2]       ; Y[3]        ; 7.015 ;       ;       ; 7.448 ;
; A[2]       ; Y[4]        ;       ; 6.987 ; 7.431 ;       ;
; A[2]       ; Y[5]        ;       ; 6.996 ; 7.432 ;       ;
; A[2]       ; Y[6]        ;       ; 7.015 ; 7.486 ;       ;
; A[2]       ; Y[7]        ;       ; 7.142 ; 7.587 ;       ;
; A[2]       ; Y[8]        ; 7.040 ;       ;       ; 7.475 ;
; A[2]       ; Y[9]        ; 7.024 ;       ;       ; 7.456 ;
; A[3]       ; Y[0]        ; 7.249 ;       ;       ; 7.634 ;
; A[3]       ; Y[1]        ; 7.072 ;       ;       ; 7.509 ;
; A[3]       ; Y[2]        ; 8.266 ;       ;       ; 8.602 ;
; A[3]       ; Y[3]        ; 6.746 ;       ;       ; 7.192 ;
; A[3]       ; Y[4]        ; 6.934 ;       ;       ; 7.403 ;
; A[3]       ; Y[5]        ; 6.965 ;       ;       ; 7.432 ;
; A[3]       ; Y[6]        ; 6.751 ;       ;       ; 7.187 ;
; A[3]       ; Y[7]        ; 6.852 ;       ;       ; 7.322 ;
; A[3]       ; Y[8]        ;       ; 7.012 ; 7.490 ;       ;
; A[3]       ; Y[9]        ;       ; 6.684 ; 7.104 ;       ;
; B[0]       ; Y[0]        ; 7.360 ;       ;       ; 7.742 ;
; B[0]       ; Y[1]        ;       ; 7.109 ; 7.584 ;       ;
; B[0]       ; Y[2]        ; 8.353 ;       ;       ; 8.670 ;
; B[0]       ; Y[3]        ;       ; 7.058 ; 7.553 ;       ;
; B[0]       ; Y[4]        ; 7.027 ;       ;       ; 7.471 ;
; B[0]       ; Y[5]        ;       ; 6.978 ; 7.382 ;       ;
; B[0]       ; Y[6]        ; 7.106 ;       ;       ; 7.529 ;
; B[0]       ; Y[7]        ;       ; 7.116 ; 7.556 ;       ;
; B[0]       ; Y[8]        ; 7.136 ;       ;       ; 7.576 ;
; B[0]       ; Y[9]        ;       ; 7.024 ; 7.471 ;       ;
; B[1]       ; Y[0]        ; 7.435 ;       ;       ; 7.812 ;
; B[1]       ; Y[1]        ; 6.772 ;       ;       ; 7.191 ;
; B[1]       ; Y[2]        ;       ; 7.915 ; 8.461 ;       ;
; B[1]       ; Y[3]        ;       ; 6.902 ; 7.396 ;       ;
; B[1]       ; Y[4]        ; 6.672 ;       ;       ; 7.120 ;
; B[1]       ; Y[5]        ; 6.673 ;       ;       ; 7.131 ;
; B[1]       ; Y[6]        ;       ; 6.906 ; 7.357 ;       ;
; B[1]       ; Y[7]        ;       ; 7.021 ; 7.479 ;       ;
; B[1]       ; Y[8]        ; 6.748 ;       ;       ; 7.180 ;
; B[1]       ; Y[9]        ; 6.951 ;       ;       ; 7.394 ;
; B[2]       ; Y[0]        ; 6.954 ;       ;       ; 7.339 ;
; B[2]       ; Y[1]        ; 6.878 ;       ;       ; 7.287 ;
; B[2]       ; Y[2]        ; 8.144 ;       ;       ; 8.448 ;
; B[2]       ; Y[3]        ; 6.829 ;       ;       ; 7.249 ;
; B[2]       ; Y[4]        ;       ; 6.801 ; 7.232 ;       ;
; B[2]       ; Y[5]        ;       ; 6.810 ; 7.233 ;       ;
; B[2]       ; Y[6]        ;       ; 6.829 ; 7.287 ;       ;
; B[2]       ; Y[7]        ;       ; 6.956 ; 7.388 ;       ;
; B[2]       ; Y[8]        ; 6.854 ;       ;       ; 7.276 ;
; B[2]       ; Y[9]        ; 6.838 ;       ;       ; 7.257 ;
; B[3]       ; Y[0]        ; 7.128 ;       ;       ; 7.540 ;
; B[3]       ; Y[1]        ; 6.951 ;       ;       ; 7.415 ;
; B[3]       ; Y[2]        ; 8.145 ;       ;       ; 8.508 ;
; B[3]       ; Y[3]        ; 6.625 ;       ;       ; 7.098 ;
; B[3]       ; Y[4]        ; 6.813 ;       ;       ; 7.309 ;
; B[3]       ; Y[5]        ; 6.844 ;       ;       ; 7.338 ;
; B[3]       ; Y[6]        ; 6.630 ;       ;       ; 7.093 ;
; B[3]       ; Y[7]        ; 6.731 ;       ;       ; 7.228 ;
; B[3]       ; Y[8]        ;       ; 6.891 ; 7.396 ;       ;
; B[3]       ; Y[9]        ;       ; 6.487 ; 6.908 ;       ;
; G          ; Y[0]        ;       ; 7.060 ; 7.464 ;       ;
; G          ; Y[1]        ; 7.281 ; 6.879 ; 7.262 ; 7.609 ;
; G          ; Y[2]        ; 8.149 ; 8.169 ; 8.654 ; 8.405 ;
; G          ; Y[3]        ; 7.250 ; 6.868 ; 7.229 ; 7.558 ;
; G          ; Y[4]        ; 6.953 ; 6.808 ; 7.162 ; 7.311 ;
; G          ; Y[5]        ; 6.954 ; 6.819 ; 7.163 ; 7.320 ;
; G          ; Y[6]        ; 7.008 ; 6.863 ; 7.234 ; 7.339 ;
; G          ; Y[7]        ; 7.109 ; 6.998 ; 7.335 ; 7.466 ;
; G          ; Y[8]        ; 7.166 ; 6.868 ; 7.238 ; 7.495 ;
; G          ; Y[9]        ; 7.168 ; 6.978 ; 7.348 ; 7.524 ;
; S          ; Y[0]        ; 6.922 ; 6.992 ; 7.420 ; 7.339 ;
; S          ; Y[1]        ; 6.722 ; 6.812 ; 7.215 ; 7.154 ;
; S          ; Y[2]        ; 8.082 ; 7.865 ; 8.424 ; 8.358 ;
; S          ; Y[3]        ; 6.720 ; 6.733 ; 7.113 ; 7.221 ;
; S          ; Y[4]        ; 6.622 ; 6.741 ; 7.115 ; 7.083 ;
; S          ; Y[5]        ; 6.623 ; 6.752 ; 7.116 ; 7.094 ;
; S          ; Y[6]        ; 6.725 ; 6.728 ; 7.118 ; 7.216 ;
; S          ; Y[7]        ; 6.826 ; 6.863 ; 7.219 ; 7.351 ;
; S          ; Y[8]        ; 6.698 ; 6.801 ; 7.191 ; 7.143 ;
; S          ; Y[9]        ; 6.647 ; 6.650 ; 7.085 ; 7.051 ;
+------------+-------------+-------+-------+-------+-------+


-------------------------------------
; Slow 1200mV 0C Model Fmax Summary ;
-------------------------------------
No paths to report.


--------------------------------------
; Slow 1200mV 0C Model Setup Summary ;
--------------------------------------
No paths to report.


-------------------------------------
; Slow 1200mV 0C Model Hold Summary ;
-------------------------------------
No paths to report.


-----------------------------------------
; Slow 1200mV 0C Model Recovery Summary ;
-----------------------------------------
No paths to report.


----------------------------------------
; Slow 1200mV 0C Model Removal Summary ;
----------------------------------------
No paths to report.


--------------------------------------------
; Slow 1200mV 0C Model Minimum Pulse Width ;
--------------------------------------------
Nothing to report.


+----------------------------------------------------------+
; Propagation Delay                                        ;
+------------+-------------+-------+-------+-------+-------+
; Input Port ; Output Port ; RR    ; RF    ; FR    ; FF    ;
+------------+-------------+-------+-------+-------+-------+
; A[0]       ; Y[0]        ; 6.881 ;       ;       ; 7.218 ;
; A[0]       ; Y[1]        ;       ; 6.647 ; 7.044 ;       ;
; A[0]       ; Y[2]        ; 7.874 ;       ;       ; 8.149 ;
; A[0]       ; Y[3]        ;       ; 6.593 ; 7.010 ;       ;
; A[0]       ; Y[4]        ; 6.549 ;       ;       ; 6.954 ;
; A[0]       ; Y[5]        ;       ; 6.524 ; 6.844 ;       ;
; A[0]       ; Y[6]        ; 6.619 ;       ;       ; 7.009 ;
; A[0]       ; Y[7]        ;       ; 6.666 ; 7.003 ;       ;
; A[0]       ; Y[8]        ; 6.649 ;       ;       ; 7.050 ;
; A[0]       ; Y[9]        ;       ; 6.573 ; 6.930 ;       ;
; A[1]       ; Y[0]        ; 7.293 ;       ;       ; 7.605 ;
; A[1]       ; Y[1]        ; 6.657 ;       ;       ; 7.025 ;
; A[1]       ; Y[2]        ;       ; 7.818 ; 8.277 ;       ;
; A[1]       ; Y[3]        ;       ; 6.785 ; 7.190 ;       ;
; A[1]       ; Y[4]        ; 6.558 ;       ;       ; 6.956 ;
; A[1]       ; Y[5]        ; 6.558 ;       ;       ; 6.964 ;
; A[1]       ; Y[6]        ;       ; 6.797 ; 7.149 ;       ;
; A[1]       ; Y[7]        ;       ; 6.912 ; 7.264 ;       ;
; A[1]       ; Y[8]        ; 6.630 ;       ;       ; 7.013 ;
; A[1]       ; Y[9]        ; 6.807 ;       ;       ; 7.207 ;
; A[2]       ; Y[0]        ; 6.825 ;       ;       ; 7.203 ;
; A[2]       ; Y[1]        ; 6.737 ;       ;       ; 7.139 ;
; A[2]       ; Y[2]        ; 8.001 ;       ;       ; 8.298 ;
; A[2]       ; Y[3]        ; 6.688 ;       ;       ; 7.101 ;
; A[2]       ; Y[4]        ;       ; 6.678 ; 7.065 ;       ;
; A[2]       ; Y[5]        ;       ; 6.686 ; 7.065 ;       ;
; A[2]       ; Y[6]        ;       ; 6.707 ; 7.113 ;       ;
; A[2]       ; Y[7]        ;       ; 6.841 ; 7.208 ;       ;
; A[2]       ; Y[8]        ; 6.709 ;       ;       ; 7.127 ;
; A[2]       ; Y[9]        ; 6.689 ;       ;       ; 7.110 ;
; A[3]       ; Y[0]        ; 6.890 ;       ;       ; 7.226 ;
; A[3]       ; Y[1]        ; 6.709 ;       ;       ; 7.097 ;
; A[3]       ; Y[2]        ; 7.911 ;       ;       ; 8.191 ;
; A[3]       ; Y[3]        ; 6.406 ;       ;       ; 6.802 ;
; A[3]       ; Y[4]        ; 6.581 ;       ;       ; 6.995 ;
; A[3]       ; Y[5]        ; 6.604 ;       ;       ; 7.022 ;
; A[3]       ; Y[6]        ; 6.404 ;       ;       ; 6.800 ;
; A[3]       ; Y[7]        ; 6.501 ;       ;       ; 6.940 ;
; A[3]       ; Y[8]        ;       ; 6.671 ; 7.058 ;       ;
; A[3]       ; Y[9]        ;       ; 6.367 ; 6.691 ;       ;
; B[0]       ; Y[0]        ; 6.982 ;       ;       ; 7.325 ;
; B[0]       ; Y[1]        ;       ; 6.748 ; 7.151 ;       ;
; B[0]       ; Y[2]        ; 7.975 ;       ;       ; 8.256 ;
; B[0]       ; Y[3]        ;       ; 6.694 ; 7.117 ;       ;
; B[0]       ; Y[4]        ; 6.650 ;       ;       ; 7.061 ;
; B[0]       ; Y[5]        ;       ; 6.631 ; 6.957 ;       ;
; B[0]       ; Y[6]        ; 6.720 ;       ;       ; 7.116 ;
; B[0]       ; Y[7]        ;       ; 6.773 ; 7.116 ;       ;
; B[0]       ; Y[8]        ; 6.750 ;       ;       ; 7.157 ;
; B[0]       ; Y[9]        ;       ; 6.674 ; 7.037 ;       ;
; B[1]       ; Y[0]        ; 7.062 ;       ;       ; 7.376 ;
; B[1]       ; Y[1]        ; 6.426 ;       ;       ; 6.796 ;
; B[1]       ; Y[2]        ;       ; 7.587 ; 8.048 ;       ;
; B[1]       ; Y[3]        ;       ; 6.556 ; 6.963 ;       ;
; B[1]       ; Y[4]        ; 6.327 ;       ;       ; 6.727 ;
; B[1]       ; Y[5]        ; 6.327 ;       ;       ; 6.735 ;
; B[1]       ; Y[6]        ;       ; 6.568 ; 6.922 ;       ;
; B[1]       ; Y[7]        ;       ; 6.683 ; 7.037 ;       ;
; B[1]       ; Y[8]        ; 6.399 ;       ;       ; 6.784 ;
; B[1]       ; Y[9]        ; 6.576 ;       ;       ; 6.978 ;
; B[2]       ; Y[0]        ; 6.607 ;       ;       ; 6.965 ;
; B[2]       ; Y[1]        ; 6.519 ;       ;       ; 6.901 ;
; B[2]       ; Y[2]        ; 7.783 ;       ;       ; 8.060 ;
; B[2]       ; Y[3]        ; 6.470 ;       ;       ; 6.863 ;
; B[2]       ; Y[4]        ;       ; 6.460 ; 6.827 ;       ;
; B[2]       ; Y[5]        ;       ; 6.468 ; 6.827 ;       ;
; B[2]       ; Y[6]        ;       ; 6.489 ; 6.875 ;       ;
; B[2]       ; Y[7]        ;       ; 6.623 ; 6.970 ;       ;
; B[2]       ; Y[8]        ; 6.491 ;       ;       ; 6.889 ;
; B[2]       ; Y[9]        ; 6.471 ;       ;       ; 6.872 ;
; B[3]       ; Y[0]        ; 6.808 ;       ;       ; 7.189 ;
; B[3]       ; Y[1]        ; 6.627 ;       ;       ; 7.060 ;
; B[3]       ; Y[2]        ; 7.829 ;       ;       ; 8.154 ;
; B[3]       ; Y[3]        ; 6.324 ;       ;       ; 6.765 ;
; B[3]       ; Y[4]        ; 6.499 ;       ;       ; 6.958 ;
; B[3]       ; Y[5]        ; 6.522 ;       ;       ; 6.985 ;
; B[3]       ; Y[6]        ; 6.322 ;       ;       ; 6.763 ;
; B[3]       ; Y[7]        ; 6.419 ;       ;       ; 6.903 ;
; B[3]       ; Y[8]        ;       ; 6.589 ; 7.021 ;       ;
; B[3]       ; Y[9]        ;       ; 6.170 ; 6.517 ;       ;
; G          ; Y[0]        ;       ; 7.126 ; 7.509 ;       ;
; G          ; Y[1]        ; 6.952 ; 6.825 ; 7.144 ; 7.252 ;
; G          ; Y[2]        ; 7.792 ; 8.057 ; 8.479 ; 8.034 ;
; G          ; Y[3]        ; 6.918 ; 6.618 ; 6.934 ; 7.198 ;
; G          ; Y[4]        ; 6.582 ; 6.862 ; 7.154 ; 6.924 ;
; G          ; Y[5]        ; 6.582 ; 6.750 ; 7.039 ; 6.932 ;
; G          ; Y[6]        ; 6.630 ; 6.917 ; 7.224 ; 6.953 ;
; G          ; Y[7]        ; 6.725 ; 6.668 ; 6.936 ; 7.087 ;
; G          ; Y[8]        ; 6.786 ; 6.958 ; 7.254 ; 7.106 ;
; G          ; Y[9]        ; 6.838 ; 6.722 ; 7.023 ; 7.178 ;
; S          ; Y[0]        ; 7.009 ; 7.046 ; 7.451 ; 7.349 ;
; S          ; Y[1]        ; 6.669 ; 6.691 ; 7.056 ; 7.128 ;
; S          ; Y[2]        ; 7.871 ; 7.785 ; 8.223 ; 8.222 ;
; S          ; Y[3]        ; 6.638 ; 6.583 ; 7.022 ; 6.949 ;
; S          ; Y[4]        ; 6.541 ; 6.589 ; 6.893 ; 7.026 ;
; S          ; Y[5]        ; 6.564 ; 6.616 ; 6.916 ; 7.053 ;
; S          ; Y[6]        ; 6.609 ; 6.628 ; 6.953 ; 7.021 ;
; S          ; Y[7]        ; 6.712 ; 6.662 ; 7.046 ; 7.076 ;
; S          ; Y[8]        ; 6.652 ; 6.669 ; 7.089 ; 7.062 ;
; S          ; Y[9]        ; 6.549 ; 6.648 ; 6.965 ; 6.951 ;
+------------+-------------+-------+-------+-------+-------+


+----------------------------------------------------------+
; Minimum Propagation Delay                                ;
+------------+-------------+-------+-------+-------+-------+
; Input Port ; Output Port ; RR    ; RF    ; FR    ; FF    ;
+------------+-------------+-------+-------+-------+-------+
; A[0]       ; Y[0]        ; 6.721 ;       ;       ; 7.049 ;
; A[0]       ; Y[1]        ;       ; 6.496 ; 6.882 ;       ;
; A[0]       ; Y[2]        ; 7.728 ;       ;       ; 7.993 ;
; A[0]       ; Y[3]        ;       ; 6.445 ; 6.850 ;       ;
; A[0]       ; Y[4]        ; 6.402 ;       ;       ; 6.799 ;
; A[0]       ; Y[5]        ;       ; 6.380 ; 6.692 ;       ;
; A[0]       ; Y[6]        ; 6.470 ;       ;       ; 6.851 ;
; A[0]       ; Y[7]        ;       ; 6.517 ; 6.846 ;       ;
; A[0]       ; Y[8]        ; 6.499 ;       ;       ; 6.891 ;
; A[0]       ; Y[9]        ;       ; 6.427 ; 6.775 ;       ;
; A[1]       ; Y[0]        ; 7.074 ;       ;       ; 7.365 ;
; A[1]       ; Y[1]        ; 6.461 ;       ;       ; 6.809 ;
; A[1]       ; Y[2]        ;       ; 7.625 ; 8.065 ;       ;
; A[1]       ; Y[3]        ;       ; 6.587 ; 6.964 ;       ;
; A[1]       ; Y[4]        ; 6.366 ;       ;       ; 6.744 ;
; A[1]       ; Y[5]        ; 6.368 ;       ;       ; 6.751 ;
; A[1]       ; Y[6]        ;       ; 6.598 ; 6.926 ;       ;
; A[1]       ; Y[7]        ;       ; 6.709 ; 7.036 ;       ;
; A[1]       ; Y[8]        ; 6.437 ;       ;       ; 6.799 ;
; A[1]       ; Y[9]        ; 6.609 ;       ;       ; 6.987 ;
; A[2]       ; Y[0]        ; 6.622 ;       ;       ; 6.979 ;
; A[2]       ; Y[1]        ; 6.537 ;       ;       ; 6.919 ;
; A[2]       ; Y[2]        ; 7.804 ;       ;       ; 8.081 ;
; A[2]       ; Y[3]        ; 6.490 ;       ;       ; 6.882 ;
; A[2]       ; Y[4]        ;       ; 6.483 ; 6.847 ;       ;
; A[2]       ; Y[5]        ;       ; 6.490 ; 6.848 ;       ;
; A[2]       ; Y[6]        ;       ; 6.511 ; 6.894 ;       ;
; A[2]       ; Y[7]        ;       ; 6.639 ; 6.986 ;       ;
; A[2]       ; Y[8]        ; 6.512 ;       ;       ; 6.909 ;
; A[2]       ; Y[9]        ; 6.493 ;       ;       ; 6.894 ;
; A[3]       ; Y[0]        ; 6.730 ;       ;       ; 7.059 ;
; A[3]       ; Y[1]        ; 6.557 ;       ;       ; 6.935 ;
; A[3]       ; Y[2]        ; 7.764 ;       ;       ; 8.034 ;
; A[3]       ; Y[3]        ; 6.264 ;       ;       ; 6.652 ;
; A[3]       ; Y[4]        ; 6.432 ;       ;       ; 6.839 ;
; A[3]       ; Y[5]        ; 6.457 ;       ;       ; 6.863 ;
; A[3]       ; Y[6]        ; 6.264 ;       ;       ; 6.651 ;
; A[3]       ; Y[7]        ; 6.358 ;       ;       ; 6.785 ;
; A[3]       ; Y[8]        ;       ; 6.522 ; 6.898 ;       ;
; A[3]       ; Y[9]        ;       ; 6.230 ; 6.547 ;       ;
; B[0]       ; Y[0]        ; 6.816 ;       ;       ; 7.150 ;
; B[0]       ; Y[1]        ;       ; 6.591 ; 6.983 ;       ;
; B[0]       ; Y[2]        ; 7.823 ;       ;       ; 8.094 ;
; B[0]       ; Y[3]        ;       ; 6.540 ; 6.951 ;       ;
; B[0]       ; Y[4]        ; 6.497 ;       ;       ; 6.900 ;
; B[0]       ; Y[5]        ;       ; 6.480 ; 6.799 ;       ;
; B[0]       ; Y[6]        ; 6.565 ;       ;       ; 6.952 ;
; B[0]       ; Y[7]        ;       ; 6.617 ; 6.953 ;       ;
; B[0]       ; Y[8]        ; 6.594 ;       ;       ; 6.992 ;
; B[0]       ; Y[9]        ;       ; 6.522 ; 6.876 ;       ;
; B[1]       ; Y[0]        ; 6.896 ;       ;       ; 7.201 ;
; B[1]       ; Y[1]        ; 6.283 ;       ;       ; 6.645 ;
; B[1]       ; Y[2]        ;       ; 7.447 ; 7.901 ;       ;
; B[1]       ; Y[3]        ;       ; 6.411 ; 6.805 ;       ;
; B[1]       ; Y[4]        ; 6.188 ;       ;       ; 6.580 ;
; B[1]       ; Y[5]        ; 6.190 ;       ;       ; 6.587 ;
; B[1]       ; Y[6]        ;       ; 6.422 ; 6.767 ;       ;
; B[1]       ; Y[7]        ;       ; 6.533 ; 6.877 ;       ;
; B[1]       ; Y[8]        ; 6.259 ;       ;       ; 6.635 ;
; B[1]       ; Y[9]        ; 6.431 ;       ;       ; 6.823 ;
; B[2]       ; Y[0]        ; 6.457 ;       ;       ; 6.806 ;
; B[2]       ; Y[1]        ; 6.372 ;       ;       ; 6.746 ;
; B[2]       ; Y[2]        ; 7.639 ;       ;       ; 7.908 ;
; B[2]       ; Y[3]        ; 6.325 ;       ;       ; 6.709 ;
; B[2]       ; Y[4]        ;       ; 6.318 ; 6.674 ;       ;
; B[2]       ; Y[5]        ;       ; 6.325 ; 6.675 ;       ;
; B[2]       ; Y[6]        ;       ; 6.346 ; 6.721 ;       ;
; B[2]       ; Y[7]        ;       ; 6.474 ; 6.813 ;       ;
; B[2]       ; Y[8]        ; 6.347 ;       ;       ; 6.736 ;
; B[2]       ; Y[9]        ; 6.328 ;       ;       ; 6.721 ;
; B[3]       ; Y[0]        ; 6.608 ;       ;       ; 6.972 ;
; B[3]       ; Y[1]        ; 6.435 ;       ;       ; 6.848 ;
; B[3]       ; Y[2]        ; 7.642 ;       ;       ; 7.947 ;
; B[3]       ; Y[3]        ; 6.142 ;       ;       ; 6.565 ;
; B[3]       ; Y[4]        ; 6.310 ;       ;       ; 6.752 ;
; B[3]       ; Y[5]        ; 6.335 ;       ;       ; 6.776 ;
; B[3]       ; Y[6]        ; 6.142 ;       ;       ; 6.564 ;
; B[3]       ; Y[7]        ; 6.236 ;       ;       ; 6.698 ;
; B[3]       ; Y[8]        ;       ; 6.400 ; 6.811 ;       ;
; B[3]       ; Y[9]        ;       ; 6.040 ; 6.379 ;       ;
; G          ; Y[0]        ;       ; 6.563 ; 6.907 ;       ;
; G          ; Y[1]        ; 6.735 ; 6.392 ; 6.716 ; 7.025 ;
; G          ; Y[2]        ; 7.648 ; 7.665 ; 8.089 ; 7.880 ;
; G          ; Y[3]        ; 6.703 ; 6.383 ; 6.685 ; 6.974 ;
; G          ; Y[4]        ; 6.431 ; 6.327 ; 6.621 ; 6.768 ;
; G          ; Y[5]        ; 6.432 ; 6.334 ; 6.623 ; 6.775 ;
; G          ; Y[6]        ; 6.478 ; 6.382 ; 6.685 ; 6.796 ;
; G          ; Y[7]        ; 6.570 ; 6.516 ; 6.779 ; 6.924 ;
; G          ; Y[8]        ; 6.629 ; 6.382 ; 6.692 ; 6.943 ;
; G          ; Y[9]        ; 6.628 ; 6.478 ; 6.778 ; 6.956 ;
; S          ; Y[0]        ; 6.422 ; 6.495 ; 6.853 ; 6.792 ;
; S          ; Y[1]        ; 6.233 ; 6.324 ; 6.662 ; 6.619 ;
; S          ; Y[2]        ; 7.580 ; 7.397 ; 7.875 ; 7.826 ;
; S          ; Y[3]        ; 6.227 ; 6.257 ; 6.569 ; 6.681 ;
; S          ; Y[4]        ; 6.138 ; 6.259 ; 6.567 ; 6.554 ;
; S          ; Y[5]        ; 6.140 ; 6.266 ; 6.569 ; 6.561 ;
; S          ; Y[6]        ; 6.227 ; 6.256 ; 6.569 ; 6.680 ;
; S          ; Y[7]        ; 6.321 ; 6.390 ; 6.663 ; 6.814 ;
; S          ; Y[8]        ; 6.209 ; 6.314 ; 6.638 ; 6.609 ;
; S          ; Y[9]        ; 6.155 ; 6.186 ; 6.536 ; 6.536 ;
+------------+-------------+-------+-------+-------+-------+


--------------------------------------
; Fast 1200mV 0C Model Setup Summary ;
--------------------------------------
No paths to report.


-------------------------------------
; Fast 1200mV 0C Model Hold Summary ;
-------------------------------------
No paths to report.


-----------------------------------------
; Fast 1200mV 0C Model Recovery Summary ;
-----------------------------------------
No paths to report.


----------------------------------------
; Fast 1200mV 0C Model Removal Summary ;
----------------------------------------
No paths to report.


--------------------------------------------
; Fast 1200mV 0C Model Minimum Pulse Width ;
--------------------------------------------
Nothing to report.


+----------------------------------------------------------+
; Propagation Delay                                        ;
+------------+-------------+-------+-------+-------+-------+
; Input Port ; Output Port ; RR    ; RF    ; FR    ; FF    ;
+------------+-------------+-------+-------+-------+-------+
; A[0]       ; Y[0]        ; 4.428 ;       ;       ; 4.973 ;
; A[0]       ; Y[1]        ;       ; 4.275 ; 4.910 ;       ;
; A[0]       ; Y[2]        ; 5.211 ;       ;       ; 5.621 ;
; A[0]       ; Y[3]        ;       ; 4.233 ; 4.891 ;       ;
; A[0]       ; Y[4]        ; 4.239 ;       ;       ; 4.817 ;
; A[0]       ; Y[5]        ;       ; 4.180 ; 4.779 ;       ;
; A[0]       ; Y[6]        ; 4.293 ;       ;       ; 4.872 ;
; A[0]       ; Y[7]        ;       ; 4.271 ; 4.894 ;       ;
; A[0]       ; Y[8]        ; 4.322 ;       ;       ; 4.908 ;
; A[0]       ; Y[9]        ;       ; 4.232 ; 4.843 ;       ;
; A[1]       ; Y[0]        ; 4.655 ;       ;       ; 5.219 ;
; A[1]       ; Y[1]        ; 4.290 ;       ;       ; 4.858 ;
; A[1]       ; Y[2]        ;       ; 5.029 ; 5.811 ;       ;
; A[1]       ; Y[3]        ;       ; 4.326 ; 4.993 ;       ;
; A[1]       ; Y[4]        ; 4.229 ;       ;       ; 4.807 ;
; A[1]       ; Y[5]        ; 4.232 ;       ;       ; 4.809 ;
; A[1]       ; Y[6]        ;       ; 4.358 ; 4.976 ;       ;
; A[1]       ; Y[7]        ;       ; 4.408 ; 5.052 ;       ;
; A[1]       ; Y[8]        ; 4.284 ;       ;       ; 4.869 ;
; A[1]       ; Y[9]        ; 4.392 ;       ;       ; 4.990 ;
; A[2]       ; Y[0]        ; 4.400 ;       ;       ; 4.950 ;
; A[2]       ; Y[1]        ; 4.360 ;       ;       ; 4.925 ;
; A[2]       ; Y[2]        ; 5.283 ;       ;       ; 5.697 ;
; A[2]       ; Y[3]        ; 4.324 ;       ;       ; 4.886 ;
; A[2]       ; Y[4]        ;       ; 4.278 ; 4.911 ;       ;
; A[2]       ; Y[5]        ;       ; 4.279 ; 4.915 ;       ;
; A[2]       ; Y[6]        ;       ; 4.314 ; 4.949 ;       ;
; A[2]       ; Y[7]        ;       ; 4.379 ; 5.018 ;       ;
; A[2]       ; Y[8]        ; 4.353 ;       ;       ; 4.936 ;
; A[2]       ; Y[9]        ; 4.337 ;       ;       ; 4.916 ;
; A[3]       ; Y[0]        ; 4.429 ;       ;       ; 4.968 ;
; A[3]       ; Y[1]        ; 4.338 ;       ;       ; 4.913 ;
; A[3]       ; Y[2]        ; 5.218 ;       ;       ; 5.643 ;
; A[3]       ; Y[3]        ; 4.147 ;       ;       ; 4.705 ;
; A[3]       ; Y[4]        ; 4.249 ;       ;       ; 4.838 ;
; A[3]       ; Y[5]        ; 4.271 ;       ;       ; 4.853 ;
; A[3]       ; Y[6]        ; 4.152 ;       ;       ; 4.729 ;
; A[3]       ; Y[7]        ; 4.223 ;       ;       ; 4.798 ;
; A[3]       ; Y[8]        ;       ; 4.296 ; 4.926 ;       ;
; A[3]       ; Y[9]        ;       ; 4.096 ; 4.694 ;       ;
; B[0]       ; Y[0]        ; 4.469 ;       ;       ; 5.033 ;
; B[0]       ; Y[1]        ;       ; 4.316 ; 4.970 ;       ;
; B[0]       ; Y[2]        ; 5.252 ;       ;       ; 5.681 ;
; B[0]       ; Y[3]        ;       ; 4.274 ; 4.951 ;       ;
; B[0]       ; Y[4]        ; 4.280 ;       ;       ; 4.877 ;
; B[0]       ; Y[5]        ;       ; 4.227 ; 4.845 ;       ;
; B[0]       ; Y[6]        ; 4.334 ;       ;       ; 4.932 ;
; B[0]       ; Y[7]        ;       ; 4.318 ; 4.960 ;       ;
; B[0]       ; Y[8]        ; 4.363 ;       ;       ; 4.968 ;
; B[0]       ; Y[9]        ;       ; 4.273 ; 4.903 ;       ;
; B[1]       ; Y[0]        ; 4.519 ;       ;       ; 5.071 ;
; B[1]       ; Y[1]        ; 4.154 ;       ;       ; 4.710 ;
; B[1]       ; Y[2]        ;       ; 4.893 ; 5.663 ;       ;
; B[1]       ; Y[3]        ;       ; 4.193 ; 4.848 ;       ;
; B[1]       ; Y[4]        ; 4.093 ;       ;       ; 4.659 ;
; B[1]       ; Y[5]        ; 4.096 ;       ;       ; 4.661 ;
; B[1]       ; Y[6]        ;       ; 4.225 ; 4.831 ;       ;
; B[1]       ; Y[7]        ;       ; 4.275 ; 4.907 ;       ;
; B[1]       ; Y[8]        ; 4.148 ;       ;       ; 4.721 ;
; B[1]       ; Y[9]        ; 4.256 ;       ;       ; 4.842 ;
; B[2]       ; Y[0]        ; 4.265 ;       ;       ; 4.806 ;
; B[2]       ; Y[1]        ; 4.225 ;       ;       ; 4.781 ;
; B[2]       ; Y[2]        ; 5.148 ;       ;       ; 5.553 ;
; B[2]       ; Y[3]        ; 4.189 ;       ;       ; 4.742 ;
; B[2]       ; Y[4]        ;       ; 4.143 ; 4.767 ;       ;
; B[2]       ; Y[5]        ;       ; 4.144 ; 4.771 ;       ;
; B[2]       ; Y[6]        ;       ; 4.179 ; 4.805 ;       ;
; B[2]       ; Y[7]        ;       ; 4.244 ; 4.874 ;       ;
; B[2]       ; Y[8]        ; 4.218 ;       ;       ; 4.792 ;
; B[2]       ; Y[9]        ; 4.202 ;       ;       ; 4.772 ;
; B[3]       ; Y[0]        ; 4.378 ;       ;       ; 4.926 ;
; B[3]       ; Y[1]        ; 4.287 ;       ;       ; 4.871 ;
; B[3]       ; Y[2]        ; 5.167 ;       ;       ; 5.601 ;
; B[3]       ; Y[3]        ; 4.096 ;       ;       ; 4.663 ;
; B[3]       ; Y[4]        ; 4.198 ;       ;       ; 4.796 ;
; B[3]       ; Y[5]        ; 4.220 ;       ;       ; 4.811 ;
; B[3]       ; Y[6]        ; 4.101 ;       ;       ; 4.687 ;
; B[3]       ; Y[7]        ; 4.172 ;       ;       ; 4.756 ;
; B[3]       ; Y[8]        ;       ; 4.245 ; 4.884 ;       ;
; B[3]       ; Y[9]        ;       ; 3.970 ; 4.554 ;       ;
; G          ; Y[0]        ;       ; 4.576 ; 5.157 ;       ;
; G          ; Y[1]        ; 4.510 ; 4.403 ; 4.947 ; 5.004 ;
; G          ; Y[2]        ; 5.168 ; 5.221 ; 5.940 ; 5.514 ;
; G          ; Y[3]        ; 4.491 ; 4.252 ; 4.816 ; 4.962 ;
; G          ; Y[4]        ; 4.277 ; 4.417 ; 4.968 ; 4.770 ;
; G          ; Y[5]        ; 4.281 ; 4.343 ; 4.880 ; 4.771 ;
; G          ; Y[6]        ; 4.315 ; 4.472 ; 5.022 ; 4.806 ;
; G          ; Y[7]        ; 4.384 ; 4.288 ; 4.832 ; 4.871 ;
; G          ; Y[8]        ; 4.416 ; 4.508 ; 5.051 ; 4.905 ;
; G          ; Y[9]        ; 4.443 ; 4.347 ; 4.877 ; 4.961 ;
; S          ; Y[0]        ; 4.490 ; 4.525 ; 5.101 ; 5.040 ;
; S          ; Y[1]        ; 4.321 ; 4.310 ; 4.897 ; 4.912 ;
; S          ; Y[2]        ; 5.200 ; 5.040 ; 5.744 ; 5.642 ;
; S          ; Y[3]        ; 4.304 ; 4.222 ; 4.878 ; 4.777 ;
; S          ; Y[4]        ; 4.230 ; 4.235 ; 4.775 ; 4.837 ;
; S          ; Y[5]        ; 4.252 ; 4.250 ; 4.797 ; 4.852 ;
; S          ; Y[6]        ; 4.287 ; 4.283 ; 4.826 ; 4.859 ;
; S          ; Y[7]        ; 4.363 ; 4.264 ; 4.900 ; 4.859 ;
; S          ; Y[8]        ; 4.323 ; 4.319 ; 4.925 ; 4.895 ;
; S          ; Y[9]        ; 4.254 ; 4.296 ; 4.838 ; 4.811 ;
+------------+-------------+-------+-------+-------+-------+


+----------------------------------------------------------+
; Minimum Propagation Delay                                ;
+------------+-------------+-------+-------+-------+-------+
; Input Port ; Output Port ; RR    ; RF    ; FR    ; FF    ;
+------------+-------------+-------+-------+-------+-------+
; A[0]       ; Y[0]        ; 4.320 ;       ;       ; 4.862 ;
; A[0]       ; Y[1]        ;       ; 4.174 ; 4.801 ;       ;
; A[0]       ; Y[2]        ; 5.110 ;       ;       ; 5.515 ;
; A[0]       ; Y[3]        ;       ; 4.133 ; 4.781 ;       ;
; A[0]       ; Y[4]        ; 4.140 ;       ;       ; 4.712 ;
; A[0]       ; Y[5]        ;       ; 4.083 ; 4.675 ;       ;
; A[0]       ; Y[6]        ; 4.189 ;       ;       ; 4.764 ;
; A[0]       ; Y[7]        ;       ; 4.169 ; 4.786 ;       ;
; A[0]       ; Y[8]        ; 4.218 ;       ;       ; 4.800 ;
; A[0]       ; Y[9]        ;       ; 4.133 ; 4.737 ;       ;
; A[1]       ; Y[0]        ; 4.510 ;       ;       ; 5.064 ;
; A[1]       ; Y[1]        ; 4.159 ;       ;       ; 4.717 ;
; A[1]       ; Y[2]        ;       ; 4.900 ; 5.670 ;       ;
; A[1]       ; Y[3]        ;       ; 4.193 ; 4.843 ;       ;
; A[1]       ; Y[4]        ; 4.101 ;       ;       ; 4.668 ;
; A[1]       ; Y[5]        ; 4.104 ;       ;       ; 4.671 ;
; A[1]       ; Y[6]        ;       ; 4.225 ; 4.828 ;       ;
; A[1]       ; Y[7]        ;       ; 4.273 ; 4.902 ;       ;
; A[1]       ; Y[8]        ; 4.154 ;       ;       ; 4.729 ;
; A[1]       ; Y[9]        ; 4.257 ;       ;       ; 4.845 ;
; A[2]       ; Y[0]        ; 4.265 ;       ;       ; 4.804 ;
; A[2]       ; Y[1]        ; 4.226 ;       ;       ; 4.781 ;
; A[2]       ; Y[2]        ; 5.150 ;       ;       ; 5.554 ;
; A[2]       ; Y[3]        ; 4.192 ;       ;       ; 4.743 ;
; A[2]       ; Y[4]        ;       ; 4.149 ; 4.768 ;       ;
; A[2]       ; Y[5]        ;       ; 4.151 ; 4.772 ;       ;
; A[2]       ; Y[6]        ;       ; 4.184 ; 4.804 ;       ;
; A[2]       ; Y[7]        ;       ; 4.246 ; 4.871 ;       ;
; A[2]       ; Y[8]        ; 4.221 ;       ;       ; 4.792 ;
; A[2]       ; Y[9]        ; 4.205 ;       ;       ; 4.772 ;
; A[3]       ; Y[0]        ; 4.321 ;       ;       ; 4.855 ;
; A[3]       ; Y[1]        ; 4.233 ;       ;       ; 4.803 ;
; A[3]       ; Y[2]        ; 5.117 ;       ;       ; 5.536 ;
; A[3]       ; Y[3]        ; 4.051 ;       ;       ; 4.604 ;
; A[3]       ; Y[4]        ; 4.149 ;       ;       ; 4.732 ;
; A[3]       ; Y[5]        ; 4.169 ;       ;       ; 4.746 ;
; A[3]       ; Y[6]        ; 4.056 ;       ;       ; 4.627 ;
; A[3]       ; Y[7]        ; 4.124 ;       ;       ; 4.694 ;
; A[3]       ; Y[8]        ;       ; 4.196 ; 4.817 ;       ;
; A[3]       ; Y[9]        ;       ; 4.003 ; 4.594 ;       ;
; B[0]       ; Y[0]        ; 4.360 ;       ;       ; 4.918 ;
; B[0]       ; Y[1]        ;       ; 4.214 ; 4.857 ;       ;
; B[0]       ; Y[2]        ; 5.150 ;       ;       ; 5.571 ;
; B[0]       ; Y[3]        ;       ; 4.173 ; 4.837 ;       ;
; B[0]       ; Y[4]        ; 4.180 ;       ;       ; 4.768 ;
; B[0]       ; Y[5]        ;       ; 4.129 ; 4.738 ;       ;
; B[0]       ; Y[6]        ; 4.229 ;       ;       ; 4.820 ;
; B[0]       ; Y[7]        ;       ; 4.215 ; 4.849 ;       ;
; B[0]       ; Y[8]        ; 4.258 ;       ;       ; 4.856 ;
; B[0]       ; Y[9]        ;       ; 4.173 ; 4.793 ;       ;
; B[1]       ; Y[0]        ; 4.408 ;       ;       ; 4.955 ;
; B[1]       ; Y[1]        ; 4.057 ;       ;       ; 4.608 ;
; B[1]       ; Y[2]        ;       ; 4.798 ; 5.561 ;       ;
; B[1]       ; Y[3]        ;       ; 4.094 ; 4.739 ;       ;
; B[1]       ; Y[4]        ; 3.999 ;       ;       ; 4.559 ;
; B[1]       ; Y[5]        ; 4.002 ;       ;       ; 4.562 ;
; B[1]       ; Y[6]        ;       ; 4.126 ; 4.724 ;       ;
; B[1]       ; Y[7]        ;       ; 4.174 ; 4.798 ;       ;
; B[1]       ; Y[8]        ; 4.052 ;       ;       ; 4.620 ;
; B[1]       ; Y[9]        ; 4.155 ;       ;       ; 4.736 ;
; B[2]       ; Y[0]        ; 4.163 ;       ;       ; 4.699 ;
; B[2]       ; Y[1]        ; 4.124 ;       ;       ; 4.676 ;
; B[2]       ; Y[2]        ; 5.048 ;       ;       ; 5.449 ;
; B[2]       ; Y[3]        ; 4.090 ;       ;       ; 4.638 ;
; B[2]       ; Y[4]        ;       ; 4.047 ; 4.663 ;       ;
; B[2]       ; Y[5]        ;       ; 4.049 ; 4.667 ;       ;
; B[2]       ; Y[6]        ;       ; 4.082 ; 4.699 ;       ;
; B[2]       ; Y[7]        ;       ; 4.144 ; 4.766 ;       ;
; B[2]       ; Y[8]        ; 4.119 ;       ;       ; 4.687 ;
; B[2]       ; Y[9]        ; 4.103 ;       ;       ; 4.667 ;
; B[3]       ; Y[0]        ; 4.244 ;       ;       ; 4.784 ;
; B[3]       ; Y[1]        ; 4.156 ;       ;       ; 4.732 ;
; B[3]       ; Y[2]        ; 5.040 ;       ;       ; 5.465 ;
; B[3]       ; Y[3]        ; 3.974 ;       ;       ; 4.533 ;
; B[3]       ; Y[4]        ; 4.072 ;       ;       ; 4.661 ;
; B[3]       ; Y[5]        ; 4.092 ;       ;       ; 4.675 ;
; B[3]       ; Y[6]        ; 3.979 ;       ;       ; 4.556 ;
; B[3]       ; Y[7]        ; 4.047 ;       ;       ; 4.623 ;
; B[3]       ; Y[8]        ;       ; 4.119 ; 4.746 ;       ;
; B[3]       ; Y[9]        ;       ; 3.882 ; 4.459 ;       ;
; G          ; Y[0]        ;       ; 4.211 ; 4.781 ;       ;
; G          ; Y[1]        ; 4.363 ; 4.115 ; 4.669 ; 4.850 ;
; G          ; Y[2]        ; 5.068 ; 4.961 ; 5.666 ; 5.410 ;
; G          ; Y[3]        ; 4.343 ; 4.096 ; 4.651 ; 4.809 ;
; G          ; Y[4]        ; 4.175 ; 4.066 ; 4.611 ; 4.665 ;
; G          ; Y[5]        ; 4.179 ; 4.069 ; 4.614 ; 4.667 ;
; G          ; Y[6]        ; 4.211 ; 4.119 ; 4.656 ; 4.700 ;
; G          ; Y[7]        ; 4.278 ; 4.186 ; 4.724 ; 4.762 ;
; G          ; Y[8]        ; 4.309 ; 4.127 ; 4.664 ; 4.796 ;
; G          ; Y[9]        ; 4.299 ; 4.179 ; 4.721 ; 4.809 ;
; S          ; Y[0]        ; 4.142 ; 4.162 ; 4.745 ; 4.675 ;
; S          ; Y[1]        ; 4.030 ; 4.066 ; 4.632 ; 4.578 ;
; S          ; Y[2]        ; 5.019 ; 4.771 ; 5.531 ; 5.373 ;
; S          ; Y[3]        ; 4.034 ; 4.009 ; 4.573 ; 4.602 ;
; S          ; Y[4]        ; 3.972 ; 4.017 ; 4.574 ; 4.529 ;
; S          ; Y[5]        ; 3.975 ; 4.020 ; 4.577 ; 4.532 ;
; S          ; Y[6]        ; 4.039 ; 4.032 ; 4.578 ; 4.625 ;
; S          ; Y[7]        ; 4.107 ; 4.099 ; 4.646 ; 4.692 ;
; S          ; Y[8]        ; 4.025 ; 4.078 ; 4.627 ; 4.590 ;
; S          ; Y[9]        ; 3.998 ; 3.979 ; 4.568 ; 4.525 ;
+------------+-------------+-------+-------+-------+-------+


+----------------------------------------------------------------------------+
; Multicorner Timing Analysis Summary                                        ;
+------------------+-------+------+----------+---------+---------------------+
; Clock            ; Setup ; Hold ; Recovery ; Removal ; Minimum Pulse Width ;
+------------------+-------+------+----------+---------+---------------------+
; Worst-case Slack ; 0.0   ; 0.0  ; 0.0      ; 0.0     ; 0.0                 ;
; Design-wide TNS  ; 0.0   ; 0.0  ; 0.0      ; 0.0     ; N/A                 ;
+------------------+-------+------+----------+---------+---------------------+


+----------------------------------------------------------+
; Progagation Delay                                        ;
+------------+-------------+-------+-------+-------+-------+
; Input Port ; Output Port ; RR    ; RF    ; FR    ; FF    ;
+------------+-------------+-------+-------+-------+-------+
; A[0]       ; Y[0]        ; 7.433 ;       ;       ; 7.833 ;
; A[0]       ; Y[1]        ;       ; 7.173 ; 7.668 ;       ;
; A[0]       ; Y[2]        ; 8.414 ;       ;       ; 8.748 ;
; A[0]       ; Y[3]        ;       ; 7.118 ; 7.636 ;       ;
; A[0]       ; Y[4]        ; 7.087 ;       ;       ; 7.550 ;
; A[0]       ; Y[5]        ;       ; 7.031 ; 7.451 ;       ;
; A[0]       ; Y[6]        ; 7.168 ;       ;       ; 7.608 ;
; A[0]       ; Y[7]        ;       ; 7.171 ; 7.632 ;       ;
; A[0]       ; Y[8]        ; 7.199 ;       ;       ; 7.658 ;
; A[0]       ; Y[9]        ;       ; 7.083 ; 7.548 ;       ;
; A[1]       ; Y[0]        ; 7.887 ;       ;       ; 8.269 ;
; A[1]       ; Y[1]        ; 7.197 ;       ;       ; 7.623 ;
; A[1]       ; Y[2]        ;       ; 8.336 ; 8.892 ;       ;
; A[1]       ; Y[3]        ;       ; 7.329 ; 7.833 ;       ;
; A[1]       ; Y[4]        ; 7.093 ;       ;       ; 7.548 ;
; A[1]       ; Y[5]        ; 7.093 ;       ;       ; 7.560 ;
; A[1]       ; Y[6]        ;       ; 7.332 ; 7.792 ;       ;
; A[1]       ; Y[7]        ;       ; 7.450 ; 7.918 ;       ;
; A[1]       ; Y[8]        ; 7.171 ;       ;       ; 7.609 ;
; A[1]       ; Y[9]        ; 7.381 ;       ;       ; 7.833 ;
; A[2]       ; Y[0]        ; 7.373 ;       ;       ; 7.793 ;
; A[2]       ; Y[1]        ; 7.294 ;       ;       ; 7.740 ;
; A[2]       ; Y[2]        ; 8.558 ;       ;       ; 8.897 ;
; A[2]       ; Y[3]        ; 7.243 ;       ;       ; 7.699 ;
; A[2]       ; Y[4]        ;       ; 7.212 ; 7.683 ;       ;
; A[2]       ; Y[5]        ;       ; 7.223 ; 7.683 ;       ;
; A[2]       ; Y[6]        ;       ; 7.240 ; 7.739 ;       ;
; A[2]       ; Y[7]        ;       ; 7.373 ; 7.844 ;       ;
; A[2]       ; Y[8]        ; 7.267 ;       ;       ; 7.726 ;
; A[2]       ; Y[9]        ; 7.249 ;       ;       ; 7.707 ;
; A[3]       ; Y[0]        ; 7.434 ;       ;       ; 7.829 ;
; A[3]       ; Y[1]        ; 7.249 ;       ;       ; 7.700 ;
; A[3]       ; Y[2]        ; 8.439 ;       ;       ; 8.786 ;
; A[3]       ; Y[3]        ; 6.910 ;       ;       ; 7.368 ;
; A[3]       ; Y[4]        ; 7.106 ;       ;       ; 7.589 ;
; A[3]       ; Y[5]        ; 7.136 ;       ;       ; 7.619 ;
; A[3]       ; Y[6]        ; 6.914 ;       ;       ; 7.362 ;
; A[3]       ; Y[7]        ; 7.019 ;       ;       ; 7.502 ;
; A[3]       ; Y[8]        ;       ; 7.185 ; 7.679 ;       ;
; A[3]       ; Y[9]        ;       ; 6.843 ; 7.277 ;       ;
; B[0]       ; Y[0]        ; 7.551 ;       ;       ; 7.944 ;
; B[0]       ; Y[1]        ;       ; 7.291 ; 7.779 ;       ;
; B[0]       ; Y[2]        ; 8.532 ;       ;       ; 8.859 ;
; B[0]       ; Y[3]        ;       ; 7.236 ; 7.747 ;       ;
; B[0]       ; Y[4]        ; 7.205 ;       ;       ; 7.661 ;
; B[0]       ; Y[5]        ;       ; 7.155 ; 7.568 ;       ;
; B[0]       ; Y[6]        ; 7.286 ;       ;       ; 7.719 ;
; B[0]       ; Y[7]        ;       ; 7.295 ; 7.749 ;       ;
; B[0]       ; Y[8]        ; 7.317 ;       ;       ; 7.769 ;
; B[0]       ; Y[9]        ;       ; 7.201 ; 7.659 ;       ;
; B[1]       ; Y[0]        ; 7.627 ;       ;       ; 8.016 ;
; B[1]       ; Y[1]        ; 6.937 ;       ;       ; 7.370 ;
; B[1]       ; Y[2]        ;       ; 8.076 ; 8.639 ;       ;
; B[1]       ; Y[3]        ;       ; 7.072 ; 7.582 ;       ;
; B[1]       ; Y[4]        ; 6.833 ;       ;       ; 7.295 ;
; B[1]       ; Y[5]        ; 6.833 ;       ;       ; 7.307 ;
; B[1]       ; Y[6]        ;       ; 7.075 ; 7.541 ;       ;
; B[1]       ; Y[7]        ;       ; 7.193 ; 7.667 ;       ;
; B[1]       ; Y[8]        ; 6.911 ;       ;       ; 7.356 ;
; B[1]       ; Y[9]        ; 7.121 ;       ;       ; 7.580 ;
; B[2]       ; Y[0]        ; 7.127 ;       ;       ; 7.523 ;
; B[2]       ; Y[1]        ; 7.048 ;       ;       ; 7.470 ;
; B[2]       ; Y[2]        ; 8.312 ;       ;       ; 8.627 ;
; B[2]       ; Y[3]        ; 6.997 ;       ;       ; 7.429 ;
; B[2]       ; Y[4]        ;       ; 6.966 ; 7.413 ;       ;
; B[2]       ; Y[5]        ;       ; 6.977 ; 7.413 ;       ;
; B[2]       ; Y[6]        ;       ; 6.994 ; 7.469 ;       ;
; B[2]       ; Y[7]        ;       ; 7.127 ; 7.574 ;       ;
; B[2]       ; Y[8]        ; 7.021 ;       ;       ; 7.456 ;
; B[2]       ; Y[9]        ; 7.003 ;       ;       ; 7.437 ;
; B[3]       ; Y[0]        ; 7.361 ;       ;       ; 7.789 ;
; B[3]       ; Y[1]        ; 7.176 ;       ;       ; 7.660 ;
; B[3]       ; Y[2]        ; 8.366 ;       ;       ; 8.746 ;
; B[3]       ; Y[3]        ; 6.837 ;       ;       ; 7.328 ;
; B[3]       ; Y[4]        ; 7.033 ;       ;       ; 7.549 ;
; B[3]       ; Y[5]        ; 7.063 ;       ;       ; 7.579 ;
; B[3]       ; Y[6]        ; 6.841 ;       ;       ; 7.322 ;
; B[3]       ; Y[7]        ; 6.946 ;       ;       ; 7.462 ;
; B[3]       ; Y[8]        ;       ; 7.112 ; 7.639 ;       ;
; B[3]       ; Y[9]        ;       ; 6.640 ; 7.074 ;       ;
; G          ; Y[0]        ;       ; 7.698 ; 8.133 ;       ;
; G          ; Y[1]        ; 7.532 ; 7.370 ; 7.748 ; 7.868 ;
; G          ; Y[2]        ; 8.321 ; 8.612 ; 9.109 ; 8.582 ;
; G          ; Y[3]        ; 7.500 ; 7.145 ; 7.524 ; 7.813 ;
; G          ; Y[4]        ; 7.129 ; 7.414 ; 7.782 ; 7.493 ;
; G          ; Y[5]        ; 7.129 ; 7.289 ; 7.635 ; 7.504 ;
; G          ; Y[6]        ; 7.185 ; 7.472 ; 7.863 ; 7.521 ;
; G          ; Y[7]        ; 7.290 ; 7.172 ; 7.518 ; 7.654 ;
; G          ; Y[8]        ; 7.349 ; 7.522 ; 7.894 ; 7.684 ;
; G          ; Y[9]        ; 7.412 ; 7.262 ; 7.627 ; 7.778 ;
; S          ; Y[0]        ; 7.574 ; 7.624 ; 8.083 ; 7.975 ;
; S          ; Y[1]        ; 7.222 ; 7.227 ; 7.669 ; 7.730 ;
; S          ; Y[2]        ; 8.412 ; 8.313 ; 8.816 ; 8.816 ;
; S          ; Y[3]        ; 7.195 ; 7.116 ; 7.637 ; 7.529 ;
; S          ; Y[4]        ; 7.085 ; 7.116 ; 7.484 ; 7.619 ;
; S          ; Y[5]        ; 7.109 ; 7.146 ; 7.513 ; 7.649 ;
; S          ; Y[6]        ; 7.166 ; 7.157 ; 7.565 ; 7.609 ;
; S          ; Y[7]        ; 7.280 ; 7.174 ; 7.670 ; 7.650 ;
; S          ; Y[8]        ; 7.206 ; 7.207 ; 7.709 ; 7.659 ;
; S          ; Y[9]        ; 7.097 ; 7.188 ; 7.577 ; 7.539 ;
+------------+-------------+-------+-------+-------+-------+


+----------------------------------------------------------+
; Minimum Progagation Delay                                ;
+------------+-------------+-------+-------+-------+-------+
; Input Port ; Output Port ; RR    ; RF    ; FR    ; FF    ;
+------------+-------------+-------+-------+-------+-------+
; A[0]       ; Y[0]        ; 4.320 ;       ;       ; 4.862 ;
; A[0]       ; Y[1]        ;       ; 4.174 ; 4.801 ;       ;
; A[0]       ; Y[2]        ; 5.110 ;       ;       ; 5.515 ;
; A[0]       ; Y[3]        ;       ; 4.133 ; 4.781 ;       ;
; A[0]       ; Y[4]        ; 4.140 ;       ;       ; 4.712 ;
; A[0]       ; Y[5]        ;       ; 4.083 ; 4.675 ;       ;
; A[0]       ; Y[6]        ; 4.189 ;       ;       ; 4.764 ;
; A[0]       ; Y[7]        ;       ; 4.169 ; 4.786 ;       ;
; A[0]       ; Y[8]        ; 4.218 ;       ;       ; 4.800 ;
; A[0]       ; Y[9]        ;       ; 4.133 ; 4.737 ;       ;
; A[1]       ; Y[0]        ; 4.510 ;       ;       ; 5.064 ;
; A[1]       ; Y[1]        ; 4.159 ;       ;       ; 4.717 ;
; A[1]       ; Y[2]        ;       ; 4.900 ; 5.670 ;       ;
; A[1]       ; Y[3]        ;       ; 4.193 ; 4.843 ;       ;
; A[1]       ; Y[4]        ; 4.101 ;       ;       ; 4.668 ;
; A[1]       ; Y[5]        ; 4.104 ;       ;       ; 4.671 ;
; A[1]       ; Y[6]        ;       ; 4.225 ; 4.828 ;       ;
; A[1]       ; Y[7]        ;       ; 4.273 ; 4.902 ;       ;
; A[1]       ; Y[8]        ; 4.154 ;       ;       ; 4.729 ;
; A[1]       ; Y[9]        ; 4.257 ;       ;       ; 4.845 ;
; A[2]       ; Y[0]        ; 4.265 ;       ;       ; 4.804 ;
; A[2]       ; Y[1]        ; 4.226 ;       ;       ; 4.781 ;
; A[2]       ; Y[2]        ; 5.150 ;       ;       ; 5.554 ;
; A[2]       ; Y[3]        ; 4.192 ;       ;       ; 4.743 ;
; A[2]       ; Y[4]        ;       ; 4.149 ; 4.768 ;       ;
; A[2]       ; Y[5]        ;       ; 4.151 ; 4.772 ;       ;
; A[2]       ; Y[6]        ;       ; 4.184 ; 4.804 ;       ;
; A[2]       ; Y[7]        ;       ; 4.246 ; 4.871 ;       ;
; A[2]       ; Y[8]        ; 4.221 ;       ;       ; 4.792 ;
; A[2]       ; Y[9]        ; 4.205 ;       ;       ; 4.772 ;
; A[3]       ; Y[0]        ; 4.321 ;       ;       ; 4.855 ;
; A[3]       ; Y[1]        ; 4.233 ;       ;       ; 4.803 ;
; A[3]       ; Y[2]        ; 5.117 ;       ;       ; 5.536 ;
; A[3]       ; Y[3]        ; 4.051 ;       ;       ; 4.604 ;
; A[3]       ; Y[4]        ; 4.149 ;       ;       ; 4.732 ;
; A[3]       ; Y[5]        ; 4.169 ;       ;       ; 4.746 ;
; A[3]       ; Y[6]        ; 4.056 ;       ;       ; 4.627 ;
; A[3]       ; Y[7]        ; 4.124 ;       ;       ; 4.694 ;
; A[3]       ; Y[8]        ;       ; 4.196 ; 4.817 ;       ;
; A[3]       ; Y[9]        ;       ; 4.003 ; 4.594 ;       ;
; B[0]       ; Y[0]        ; 4.360 ;       ;       ; 4.918 ;
; B[0]       ; Y[1]        ;       ; 4.214 ; 4.857 ;       ;
; B[0]       ; Y[2]        ; 5.150 ;       ;       ; 5.571 ;
; B[0]       ; Y[3]        ;       ; 4.173 ; 4.837 ;       ;
; B[0]       ; Y[4]        ; 4.180 ;       ;       ; 4.768 ;
; B[0]       ; Y[5]        ;       ; 4.129 ; 4.738 ;       ;
; B[0]       ; Y[6]        ; 4.229 ;       ;       ; 4.820 ;
; B[0]       ; Y[7]        ;       ; 4.215 ; 4.849 ;       ;
; B[0]       ; Y[8]        ; 4.258 ;       ;       ; 4.856 ;
; B[0]       ; Y[9]        ;       ; 4.173 ; 4.793 ;       ;
; B[1]       ; Y[0]        ; 4.408 ;       ;       ; 4.955 ;
; B[1]       ; Y[1]        ; 4.057 ;       ;       ; 4.608 ;
; B[1]       ; Y[2]        ;       ; 4.798 ; 5.561 ;       ;
; B[1]       ; Y[3]        ;       ; 4.094 ; 4.739 ;       ;
; B[1]       ; Y[4]        ; 3.999 ;       ;       ; 4.559 ;
; B[1]       ; Y[5]        ; 4.002 ;       ;       ; 4.562 ;
; B[1]       ; Y[6]        ;       ; 4.126 ; 4.724 ;       ;
; B[1]       ; Y[7]        ;       ; 4.174 ; 4.798 ;       ;
; B[1]       ; Y[8]        ; 4.052 ;       ;       ; 4.620 ;
; B[1]       ; Y[9]        ; 4.155 ;       ;       ; 4.736 ;
; B[2]       ; Y[0]        ; 4.163 ;       ;       ; 4.699 ;
; B[2]       ; Y[1]        ; 4.124 ;       ;       ; 4.676 ;
; B[2]       ; Y[2]        ; 5.048 ;       ;       ; 5.449 ;
; B[2]       ; Y[3]        ; 4.090 ;       ;       ; 4.638 ;
; B[2]       ; Y[4]        ;       ; 4.047 ; 4.663 ;       ;
; B[2]       ; Y[5]        ;       ; 4.049 ; 4.667 ;       ;
; B[2]       ; Y[6]        ;       ; 4.082 ; 4.699 ;       ;
; B[2]       ; Y[7]        ;       ; 4.144 ; 4.766 ;       ;
; B[2]       ; Y[8]        ; 4.119 ;       ;       ; 4.687 ;
; B[2]       ; Y[9]        ; 4.103 ;       ;       ; 4.667 ;
; B[3]       ; Y[0]        ; 4.244 ;       ;       ; 4.784 ;
; B[3]       ; Y[1]        ; 4.156 ;       ;       ; 4.732 ;
; B[3]       ; Y[2]        ; 5.040 ;       ;       ; 5.465 ;
; B[3]       ; Y[3]        ; 3.974 ;       ;       ; 4.533 ;
; B[3]       ; Y[4]        ; 4.072 ;       ;       ; 4.661 ;
; B[3]       ; Y[5]        ; 4.092 ;       ;       ; 4.675 ;
; B[3]       ; Y[6]        ; 3.979 ;       ;       ; 4.556 ;
; B[3]       ; Y[7]        ; 4.047 ;       ;       ; 4.623 ;
; B[3]       ; Y[8]        ;       ; 4.119 ; 4.746 ;       ;
; B[3]       ; Y[9]        ;       ; 3.882 ; 4.459 ;       ;
; G          ; Y[0]        ;       ; 4.211 ; 4.781 ;       ;
; G          ; Y[1]        ; 4.363 ; 4.115 ; 4.669 ; 4.850 ;
; G          ; Y[2]        ; 5.068 ; 4.961 ; 5.666 ; 5.410 ;
; G          ; Y[3]        ; 4.343 ; 4.096 ; 4.651 ; 4.809 ;
; G          ; Y[4]        ; 4.175 ; 4.066 ; 4.611 ; 4.665 ;
; G          ; Y[5]        ; 4.179 ; 4.069 ; 4.614 ; 4.667 ;
; G          ; Y[6]        ; 4.211 ; 4.119 ; 4.656 ; 4.700 ;
; G          ; Y[7]        ; 4.278 ; 4.186 ; 4.724 ; 4.762 ;
; G          ; Y[8]        ; 4.309 ; 4.127 ; 4.664 ; 4.796 ;
; G          ; Y[9]        ; 4.299 ; 4.179 ; 4.721 ; 4.809 ;
; S          ; Y[0]        ; 4.142 ; 4.162 ; 4.745 ; 4.675 ;
; S          ; Y[1]        ; 4.030 ; 4.066 ; 4.632 ; 4.578 ;
; S          ; Y[2]        ; 5.019 ; 4.771 ; 5.531 ; 5.373 ;
; S          ; Y[3]        ; 4.034 ; 4.009 ; 4.573 ; 4.602 ;
; S          ; Y[4]        ; 3.972 ; 4.017 ; 4.574 ; 4.529 ;
; S          ; Y[5]        ; 3.975 ; 4.020 ; 4.577 ; 4.532 ;
; S          ; Y[6]        ; 4.039 ; 4.032 ; 4.578 ; 4.625 ;
; S          ; Y[7]        ; 4.107 ; 4.099 ; 4.646 ; 4.692 ;
; S          ; Y[8]        ; 4.025 ; 4.078 ; 4.627 ; 4.590 ;
; S          ; Y[9]        ; 3.998 ; 3.979 ; 4.568 ; 4.525 ;
+------------+-------------+-------+-------+-------+-------+


+------------------------------------------------------------------------------------------------------------------------------------------------------------------------------------------------------------------------------------------------------------------------------------------------------------------------------------------------------------------+
; Board Trace Model Assignments                                                                                                                                                                                                                                                                                                                                    ;
+---------------+--------------+-------------------+-------------------------+-------------------------+---------------+---------------------+----------------+------------------+--------+------------------+------------------------+------------------------+--------------+---------------+-----------------+-------+---------------------+--------------------+
; Pin           ; I/O Standard ; Near Tline Length ; Near Tline L per Length ; Near Tline C per Length ; Near Series R ; Near Differential R ; Near Pull-up R ; Near Pull-down R ; Near C ; Far Tline Length ; Far Tline L per Length ; Far Tline C per Length ; Far Series R ; Far Pull-up R ; Far Pull-down R ; Far C ; Termination Voltage ; Far Differential R ;
+---------------+--------------+-------------------+-------------------------+-------------------------+---------------+---------------------+----------------+------------------+--------+------------------+------------------------+------------------------+--------------+---------------+-----------------+-------+---------------------+--------------------+
; Y[9]          ; 2.5 V        ; 0 in              ; 0 H/in                  ; 0 F/in                  ; short         ; -                   ; open           ; open             ; open   ; 0 in             ; 0 H/in                 ; 0 F/in                 ; short        ; open          ; open            ; open  ; 0 V                 ; -                  ;
; Y[8]          ; 2.5 V        ; 0 in              ; 0 H/in                  ; 0 F/in                  ; short         ; -                   ; open           ; open             ; open   ; 0 in             ; 0 H/in                 ; 0 F/in                 ; short        ; open          ; open            ; open  ; 0 V                 ; -                  ;
; Y[7]          ; 2.5 V        ; 0 in              ; 0 H/in                  ; 0 F/in                  ; short         ; -                   ; open           ; open             ; open   ; 0 in             ; 0 H/in                 ; 0 F/in                 ; short        ; open          ; open            ; open  ; 0 V                 ; -                  ;
; Y[6]          ; 2.5 V        ; 0 in              ; 0 H/in                  ; 0 F/in                  ; short         ; -                   ; open           ; open             ; open   ; 0 in             ; 0 H/in                 ; 0 F/in                 ; short        ; open          ; open            ; open  ; 0 V                 ; -                  ;
; Y[5]          ; 2.5 V        ; 0 in              ; 0 H/in                  ; 0 F/in                  ; short         ; -                   ; open           ; open             ; open   ; 0 in             ; 0 H/in                 ; 0 F/in                 ; short        ; open          ; open            ; open  ; 0 V                 ; -                  ;
; Y[4]          ; 2.5 V        ; 0 in              ; 0 H/in                  ; 0 F/in                  ; short         ; -                   ; open           ; open             ; open   ; 0 in             ; 0 H/in                 ; 0 F/in                 ; short        ; open          ; open            ; open  ; 0 V                 ; -                  ;
; Y[3]          ; 2.5 V        ; 0 in              ; 0 H/in                  ; 0 F/in                  ; short         ; -                   ; open           ; open             ; open   ; 0 in             ; 0 H/in                 ; 0 F/in                 ; short        ; open          ; open            ; open  ; 0 V                 ; -                  ;
; Y[2]          ; 2.5 V        ; 0 in              ; 0 H/in                  ; 0 F/in                  ; short         ; -                   ; open           ; open             ; open   ; 0 in             ; 0 H/in                 ; 0 F/in                 ; short        ; open          ; open            ; open  ; 0 V                 ; -                  ;
; Y[1]          ; 2.5 V        ; 0 in              ; 0 H/in                  ; 0 F/in                  ; short         ; -                   ; open           ; open             ; open   ; 0 in             ; 0 H/in                 ; 0 F/in                 ; short        ; open          ; open            ; open  ; 0 V                 ; -                  ;
; Y[0]          ; 2.5 V        ; 0 in              ; 0 H/in                  ; 0 F/in                  ; short         ; -                   ; open           ; open             ; open   ; 0 in             ; 0 H/in                 ; 0 F/in                 ; short        ; open          ; open            ; open  ; 0 V                 ; -                  ;
; ~ALTERA_DCLK~ ; 2.5 V        ; 0 in              ; 0 H/in                  ; 0 F/in                  ; short         ; -                   ; open           ; open             ; open   ; 0 in             ; 0 H/in                 ; 0 F/in                 ; short        ; open          ; open            ; open  ; 0 V                 ; -                  ;
; ~ALTERA_nCEO~ ; 2.5 V        ; 0 in              ; 0 H/in                  ; 0 F/in                  ; short         ; -                   ; open           ; open             ; open   ; 0 in             ; 0 H/in                 ; 0 F/in                 ; short        ; open          ; open            ; open  ; 0 V                 ; -                  ;
+---------------+--------------+-------------------+-------------------------+-------------------------+---------------+---------------------+----------------+------------------+--------+------------------+------------------------+------------------------+--------------+---------------+-----------------+-------+---------------------+--------------------+


+----------------------------------------------------------------------------+
; Input Transition Times                                                     ;
+-------------------------+--------------+-----------------+-----------------+
; Pin                     ; I/O Standard ; 10-90 Rise Time ; 90-10 Fall Time ;
+-------------------------+--------------+-----------------+-----------------+
; B[3]                    ; 2.5 V        ; 2000 ps         ; 2000 ps         ;
; A[3]                    ; 2.5 V        ; 2000 ps         ; 2000 ps         ;
; S                       ; 2.5 V        ; 2000 ps         ; 2000 ps         ;
; B[0]                    ; 2.5 V        ; 2000 ps         ; 2000 ps         ;
; A[0]                    ; 2.5 V        ; 2000 ps         ; 2000 ps         ;
; G                       ; 2.5 V        ; 2000 ps         ; 2000 ps         ;
; B[1]                    ; 2.5 V        ; 2000 ps         ; 2000 ps         ;
; A[1]                    ; 2.5 V        ; 2000 ps         ; 2000 ps         ;
; B[2]                    ; 2.5 V        ; 2000 ps         ; 2000 ps         ;
; A[2]                    ; 2.5 V        ; 2000 ps         ; 2000 ps         ;
; ~ALTERA_ASDO_DATA1~     ; 2.5 V        ; 2000 ps         ; 2000 ps         ;
; ~ALTERA_FLASH_nCE_nCSO~ ; 2.5 V        ; 2000 ps         ; 2000 ps         ;
; ~ALTERA_DATA0~          ; 2.5 V        ; 2000 ps         ; 2000 ps         ;
+-------------------------+--------------+-----------------+-----------------+


+--------------------------------------------------------------------------------------------------------------------------------------------------------------------------------------------------------------------------------------------------------------------------------------------------------------------------------------------------------------------------------------------------------------------------------------------------------------------------------------------------------------------------------------------------------------------------------------------------------------------------------------------------------------------------------------------+
; Slow Corner Signal Integrity Metrics                                                                                                                                                                                                                                                                                                                                                                                                                                                                                                                                                                                                                                                       ;
+---------------+--------------+---------------------+---------------------+------------------------------+------------------------------+---------------------+---------------------+--------------------------------------+--------------------------------------+-----------------------------+-----------------------------+----------------------------+----------------------------+-----------------------------+-----------------------------+--------------------+--------------------+-------------------------------------+-------------------------------------+----------------------------+----------------------------+---------------------------+---------------------------+
; Pin           ; I/O Standard ; Board Delay on Rise ; Board Delay on Fall ; Steady State Voh at FPGA Pin ; Steady State Vol at FPGA Pin ; Voh Max at FPGA Pin ; Vol Min at FPGA Pin ; Ringback Voltage on Rise at FPGA Pin ; Ringback Voltage on Fall at FPGA Pin ; 10-90 Rise Time at FPGA Pin ; 90-10 Fall Time at FPGA Pin ; Monotonic Rise at FPGA Pin ; Monotonic Fall at FPGA Pin ; Steady State Voh at Far-end ; Steady State Vol at Far-end ; Voh Max at Far-end ; Vol Min at Far-end ; Ringback Voltage on Rise at Far-end ; Ringback Voltage on Fall at Far-end ; 10-90 Rise Time at Far-end ; 90-10 Fall Time at Far-end ; Monotonic Rise at Far-end ; Monotonic Fall at Far-end ;
+---------------+--------------+---------------------+---------------------+------------------------------+------------------------------+---------------------+---------------------+--------------------------------------+--------------------------------------+-----------------------------+-----------------------------+----------------------------+----------------------------+-----------------------------+-----------------------------+--------------------+--------------------+-------------------------------------+-------------------------------------+----------------------------+----------------------------+---------------------------+---------------------------+
; Y[9]          ; 2.5 V        ; 0 s                 ; 0 s                 ; 2.32 V                       ; 7.26e-007 V                  ; 2.35 V              ; -0.011 V            ; 0.113 V                              ; 0.035 V                              ; 7.76e-010 s                 ; 8.05e-010 s                 ; Yes                        ; Yes                        ; 2.32 V                      ; 7.26e-007 V                 ; 2.35 V             ; -0.011 V           ; 0.113 V                             ; 0.035 V                             ; 7.76e-010 s                ; 8.05e-010 s                ; Yes                       ; Yes                       ;
; Y[8]          ; 2.5 V        ; 0 s                 ; 0 s                 ; 2.32 V                       ; 7.26e-007 V                  ; 2.35 V              ; -0.011 V            ; 0.113 V                              ; 0.035 V                              ; 7.76e-010 s                 ; 8.05e-010 s                 ; Yes                        ; Yes                        ; 2.32 V                      ; 7.26e-007 V                 ; 2.35 V             ; -0.011 V           ; 0.113 V                             ; 0.035 V                             ; 7.76e-010 s                ; 8.05e-010 s                ; Yes                       ; Yes                       ;
; Y[7]          ; 2.5 V        ; 0 s                 ; 0 s                 ; 2.32 V                       ; 7.26e-007 V                  ; 2.35 V              ; -0.011 V            ; 0.113 V                              ; 0.035 V                              ; 7.76e-010 s                 ; 8.05e-010 s                 ; Yes                        ; Yes                        ; 2.32 V                      ; 7.26e-007 V                 ; 2.35 V             ; -0.011 V           ; 0.113 V                             ; 0.035 V                             ; 7.76e-010 s                ; 8.05e-010 s                ; Yes                       ; Yes                       ;
; Y[6]          ; 2.5 V        ; 0 s                 ; 0 s                 ; 2.32 V                       ; 7.26e-007 V                  ; 2.35 V              ; -0.011 V            ; 0.113 V                              ; 0.035 V                              ; 7.76e-010 s                 ; 8.05e-010 s                 ; Yes                        ; Yes                        ; 2.32 V                      ; 7.26e-007 V                 ; 2.35 V             ; -0.011 V           ; 0.113 V                             ; 0.035 V                             ; 7.76e-010 s                ; 8.05e-010 s                ; Yes                       ; Yes                       ;
; Y[5]          ; 2.5 V        ; 0 s                 ; 0 s                 ; 2.32 V                       ; 7.26e-007 V                  ; 2.35 V              ; -0.011 V            ; 0.113 V                              ; 0.035 V                              ; 7.76e-010 s                 ; 8.05e-010 s                 ; Yes                        ; Yes                        ; 2.32 V                      ; 7.26e-007 V                 ; 2.35 V             ; -0.011 V           ; 0.113 V                             ; 0.035 V                             ; 7.76e-010 s                ; 8.05e-010 s                ; Yes                       ; Yes                       ;
; Y[4]          ; 2.5 V        ; 0 s                 ; 0 s                 ; 2.32 V                       ; 7.26e-007 V                  ; 2.35 V              ; -0.011 V            ; 0.113 V                              ; 0.035 V                              ; 7.76e-010 s                 ; 8.05e-010 s                 ; Yes                        ; Yes                        ; 2.32 V                      ; 7.26e-007 V                 ; 2.35 V             ; -0.011 V           ; 0.113 V                             ; 0.035 V                             ; 7.76e-010 s                ; 8.05e-010 s                ; Yes                       ; Yes                       ;
; Y[3]          ; 2.5 V        ; 0 s                 ; 0 s                 ; 2.32 V                       ; 7.26e-007 V                  ; 2.35 V              ; -0.011 V            ; 0.113 V                              ; 0.035 V                              ; 7.76e-010 s                 ; 8.05e-010 s                 ; Yes                        ; Yes                        ; 2.32 V                      ; 7.26e-007 V                 ; 2.35 V             ; -0.011 V           ; 0.113 V                             ; 0.035 V                             ; 7.76e-010 s                ; 8.05e-010 s                ; Yes                       ; Yes                       ;
; Y[2]          ; 2.5 V        ; 0 s                 ; 0 s                 ; 2.32 V                       ; 7.26e-007 V                  ; 2.33 V              ; -0.00317 V          ; 0.162 V                              ; 0.063 V                              ; 3.54e-009 s                 ; 3.41e-009 s                 ; Yes                        ; Yes                        ; 2.32 V                      ; 7.26e-007 V                 ; 2.33 V             ; -0.00317 V         ; 0.162 V                             ; 0.063 V                             ; 3.54e-009 s                ; 3.41e-009 s                ; Yes                       ; Yes                       ;
; Y[1]          ; 2.5 V        ; 0 s                 ; 0 s                 ; 2.32 V                       ; 7.26e-007 V                  ; 2.35 V              ; -0.011 V            ; 0.113 V                              ; 0.035 V                              ; 7.76e-010 s                 ; 8.05e-010 s                 ; Yes                        ; Yes                        ; 2.32 V                      ; 7.26e-007 V                 ; 2.35 V             ; -0.011 V           ; 0.113 V                             ; 0.035 V                             ; 7.76e-010 s                ; 8.05e-010 s                ; Yes                       ; Yes                       ;
; Y[0]          ; 2.5 V        ; 0 s                 ; 0 s                 ; 2.32 V                       ; 7.26e-007 V                  ; 2.35 V              ; -0.011 V            ; 0.113 V                              ; 0.035 V                              ; 7.76e-010 s                 ; 8.05e-010 s                 ; Yes                        ; Yes                        ; 2.32 V                      ; 7.26e-007 V                 ; 2.35 V             ; -0.011 V           ; 0.113 V                             ; 0.035 V                             ; 7.76e-010 s                ; 8.05e-010 s                ; Yes                       ; Yes                       ;
; ~ALTERA_DCLK~ ; 2.5 V        ; 0 s                 ; 0 s                 ; 2.32 V                       ; 5.68e-007 V                  ; 2.35 V              ; -0.0132 V           ; 0.2 V                                ; 0.027 V                              ; 5.26e-010 s                 ; 4.81e-010 s                 ; Yes                        ; Yes                        ; 2.32 V                      ; 5.68e-007 V                 ; 2.35 V             ; -0.0132 V          ; 0.2 V                               ; 0.027 V                             ; 5.26e-010 s                ; 4.81e-010 s                ; Yes                       ; Yes                       ;
; ~ALTERA_nCEO~ ; 2.5 V        ; 0 s                 ; 0 s                 ; 2.32 V                       ; 9.36e-007 V                  ; 2.35 V              ; -0.00483 V          ; 0.18 V                               ; 0.019 V                              ; 7.23e-010 s                 ; 9.82e-010 s                 ; Yes                        ; Yes                        ; 2.32 V                      ; 9.36e-007 V                 ; 2.35 V             ; -0.00483 V         ; 0.18 V                              ; 0.019 V                             ; 7.23e-010 s                ; 9.82e-010 s                ; Yes                       ; Yes                       ;
+---------------+--------------+---------------------+---------------------+------------------------------+------------------------------+---------------------+---------------------+--------------------------------------+--------------------------------------+-----------------------------+-----------------------------+----------------------------+----------------------------+-----------------------------+-----------------------------+--------------------+--------------------+-------------------------------------+-------------------------------------+----------------------------+----------------------------+---------------------------+---------------------------+


+--------------------------------------------------------------------------------------------------------------------------------------------------------------------------------------------------------------------------------------------------------------------------------------------------------------------------------------------------------------------------------------------------------------------------------------------------------------------------------------------------------------------------------------------------------------------------------------------------------------------------------------------------------------------------------------------+
; Fast Corner Signal Integrity Metrics                                                                                                                                                                                                                                                                                                                                                                                                                                                                                                                                                                                                                                                       ;
+---------------+--------------+---------------------+---------------------+------------------------------+------------------------------+---------------------+---------------------+--------------------------------------+--------------------------------------+-----------------------------+-----------------------------+----------------------------+----------------------------+-----------------------------+-----------------------------+--------------------+--------------------+-------------------------------------+-------------------------------------+----------------------------+----------------------------+---------------------------+---------------------------+
; Pin           ; I/O Standard ; Board Delay on Rise ; Board Delay on Fall ; Steady State Voh at FPGA Pin ; Steady State Vol at FPGA Pin ; Voh Max at FPGA Pin ; Vol Min at FPGA Pin ; Ringback Voltage on Rise at FPGA Pin ; Ringback Voltage on Fall at FPGA Pin ; 10-90 Rise Time at FPGA Pin ; 90-10 Fall Time at FPGA Pin ; Monotonic Rise at FPGA Pin ; Monotonic Fall at FPGA Pin ; Steady State Voh at Far-end ; Steady State Vol at Far-end ; Voh Max at Far-end ; Vol Min at Far-end ; Ringback Voltage on Rise at Far-end ; Ringback Voltage on Fall at Far-end ; 10-90 Rise Time at Far-end ; 90-10 Fall Time at Far-end ; Monotonic Rise at Far-end ; Monotonic Fall at Far-end ;
+---------------+--------------+---------------------+---------------------+------------------------------+------------------------------+---------------------+---------------------+--------------------------------------+--------------------------------------+-----------------------------+-----------------------------+----------------------------+----------------------------+-----------------------------+-----------------------------+--------------------+--------------------+-------------------------------------+-------------------------------------+----------------------------+----------------------------+---------------------------+---------------------------+
; Y[9]          ; 2.5 V        ; 0 s                 ; 0 s                 ; 2.62 V                       ; 2.78e-008 V                  ; 2.71 V              ; -0.0343 V           ; 0.253 V                              ; 0.066 V                              ; 4.96e-010 s                 ; 5.19e-010 s                 ; No                         ; Yes                        ; 2.62 V                      ; 2.78e-008 V                 ; 2.71 V             ; -0.0343 V          ; 0.253 V                             ; 0.066 V                             ; 4.96e-010 s                ; 5.19e-010 s                ; No                        ; Yes                       ;
; Y[8]          ; 2.5 V        ; 0 s                 ; 0 s                 ; 2.62 V                       ; 2.78e-008 V                  ; 2.71 V              ; -0.0343 V           ; 0.253 V                              ; 0.066 V                              ; 4.96e-010 s                 ; 5.19e-010 s                 ; No                         ; Yes                        ; 2.62 V                      ; 2.78e-008 V                 ; 2.71 V             ; -0.0343 V          ; 0.253 V                             ; 0.066 V                             ; 4.96e-010 s                ; 5.19e-010 s                ; No                        ; Yes                       ;
; Y[7]          ; 2.5 V        ; 0 s                 ; 0 s                 ; 2.62 V                       ; 2.78e-008 V                  ; 2.71 V              ; -0.0343 V           ; 0.253 V                              ; 0.066 V                              ; 4.96e-010 s                 ; 5.19e-010 s                 ; No                         ; Yes                        ; 2.62 V                      ; 2.78e-008 V                 ; 2.71 V             ; -0.0343 V          ; 0.253 V                             ; 0.066 V                             ; 4.96e-010 s                ; 5.19e-010 s                ; No                        ; Yes                       ;
; Y[6]          ; 2.5 V        ; 0 s                 ; 0 s                 ; 2.62 V                       ; 2.78e-008 V                  ; 2.71 V              ; -0.0343 V           ; 0.253 V                              ; 0.066 V                              ; 4.96e-010 s                 ; 5.19e-010 s                 ; No                         ; Yes                        ; 2.62 V                      ; 2.78e-008 V                 ; 2.71 V             ; -0.0343 V          ; 0.253 V                             ; 0.066 V                             ; 4.96e-010 s                ; 5.19e-010 s                ; No                        ; Yes                       ;
; Y[5]          ; 2.5 V        ; 0 s                 ; 0 s                 ; 2.62 V                       ; 2.78e-008 V                  ; 2.71 V              ; -0.0343 V           ; 0.253 V                              ; 0.066 V                              ; 4.96e-010 s                 ; 5.19e-010 s                 ; No                         ; Yes                        ; 2.62 V                      ; 2.78e-008 V                 ; 2.71 V             ; -0.0343 V          ; 0.253 V                             ; 0.066 V                             ; 4.96e-010 s                ; 5.19e-010 s                ; No                        ; Yes                       ;
; Y[4]          ; 2.5 V        ; 0 s                 ; 0 s                 ; 2.62 V                       ; 2.78e-008 V                  ; 2.71 V              ; -0.0343 V           ; 0.253 V                              ; 0.066 V                              ; 4.96e-010 s                 ; 5.19e-010 s                 ; No                         ; Yes                        ; 2.62 V                      ; 2.78e-008 V                 ; 2.71 V             ; -0.0343 V          ; 0.253 V                             ; 0.066 V                             ; 4.96e-010 s                ; 5.19e-010 s                ; No                        ; Yes                       ;
; Y[3]          ; 2.5 V        ; 0 s                 ; 0 s                 ; 2.62 V                       ; 2.78e-008 V                  ; 2.71 V              ; -0.0343 V           ; 0.253 V                              ; 0.066 V                              ; 4.96e-010 s                 ; 5.19e-010 s                 ; No                         ; Yes                        ; 2.62 V                      ; 2.78e-008 V                 ; 2.71 V             ; -0.0343 V          ; 0.253 V                             ; 0.066 V                             ; 4.96e-010 s                ; 5.19e-010 s                ; No                        ; Yes                       ;
; Y[2]          ; 2.5 V        ; 0 s                 ; 0 s                 ; 2.62 V                       ; 2.78e-008 V                  ; 2.64 V              ; -0.0109 V           ; 0.244 V                              ; 0.16 V                               ; 2.42e-009 s                 ; 2.37e-009 s                 ; No                         ; Yes                        ; 2.62 V                      ; 2.78e-008 V                 ; 2.64 V             ; -0.0109 V          ; 0.244 V                             ; 0.16 V                              ; 2.42e-009 s                ; 2.37e-009 s                ; No                        ; Yes                       ;
; Y[1]          ; 2.5 V        ; 0 s                 ; 0 s                 ; 2.62 V                       ; 2.78e-008 V                  ; 2.71 V              ; -0.0343 V           ; 0.253 V                              ; 0.066 V                              ; 4.96e-010 s                 ; 5.19e-010 s                 ; No                         ; Yes                        ; 2.62 V                      ; 2.78e-008 V                 ; 2.71 V             ; -0.0343 V          ; 0.253 V                             ; 0.066 V                             ; 4.96e-010 s                ; 5.19e-010 s                ; No                        ; Yes                       ;
; Y[0]          ; 2.5 V        ; 0 s                 ; 0 s                 ; 2.62 V                       ; 2.78e-008 V                  ; 2.71 V              ; -0.0343 V           ; 0.253 V                              ; 0.066 V                              ; 4.96e-010 s                 ; 5.19e-010 s                 ; No                         ; Yes                        ; 2.62 V                      ; 2.78e-008 V                 ; 2.71 V             ; -0.0343 V          ; 0.253 V                             ; 0.066 V                             ; 4.96e-010 s                ; 5.19e-010 s                ; No                        ; Yes                       ;
; ~ALTERA_DCLK~ ; 2.5 V        ; 0 s                 ; 0 s                 ; 2.62 V                       ; 2.19e-008 V                  ; 2.72 V              ; -0.0746 V           ; 0.28 V                               ; 0.169 V                              ; 3.1e-010 s                  ; 3.01e-010 s                 ; No                         ; Yes                        ; 2.62 V                      ; 2.19e-008 V                 ; 2.72 V             ; -0.0746 V          ; 0.28 V                              ; 0.169 V                             ; 3.1e-010 s                 ; 3.01e-010 s                ; No                        ; Yes                       ;
; ~ALTERA_nCEO~ ; 2.5 V        ; 0 s                 ; 0 s                 ; 2.62 V                       ; 3.53e-008 V                  ; 2.7 V               ; -0.021 V            ; 0.204 V                              ; 0.048 V                              ; 4.85e-010 s                 ; 6.74e-010 s                 ; No                         ; Yes                        ; 2.62 V                      ; 3.53e-008 V                 ; 2.7 V              ; -0.021 V           ; 0.204 V                             ; 0.048 V                             ; 4.85e-010 s                ; 6.74e-010 s                ; No                        ; Yes                       ;
+---------------+--------------+---------------------+---------------------+------------------------------+------------------------------+---------------------+---------------------+--------------------------------------+--------------------------------------+-----------------------------+-----------------------------+----------------------------+----------------------------+-----------------------------+-----------------------------+--------------------+--------------------+-------------------------------------+-------------------------------------+----------------------------+----------------------------+---------------------------+---------------------------+


-------------------
; Clock Transfers ;
-------------------
No clock transfers to report.


---------------
; Report TCCS ;
---------------
No dedicated SERDES Transmitter circuitry present in device or used in design.


---------------
; Report RSKM ;
---------------
No dedicated SERDES Receiver circuitry present in device or used in design.


+------------------------------------------------+
; Unconstrained Paths                            ;
+---------------------------------+-------+------+
; Property                        ; Setup ; Hold ;
+---------------------------------+-------+------+
; Illegal Clocks                  ; 0     ; 0    ;
; Unconstrained Clocks            ; 0     ; 0    ;
; Unconstrained Input Ports       ; 10    ; 10   ;
; Unconstrained Input Port Paths  ; 100   ; 100  ;
; Unconstrained Output Ports      ; 10    ; 10   ;
; Unconstrained Output Port Paths ; 100   ; 100  ;
+---------------------------------+-------+------+


+------------------------------------+
; TimeQuest Timing Analyzer Messages ;
+------------------------------------+
Info: *******************************************************************
Info: Running Quartus II TimeQuest Timing Analyzer
    Info: Version 9.0 Build 235 06/17/2009 Service Pack 2 SJ Web Edition
    Info: Processing started: Fri Aug 26 15:08:37 2022
Info: Command: quartus_sta L0501 -c L0501
Info: qsta_default_script.tcl version: #1
Info: Core supply voltage is 1.2V
Info: Low junction temperature is 0 degrees C
Info: High junction temperature is 85 degrees C
Critical Warning: Synopsys Design Constraints File file not found: 'L0501.sdc'. A Synopsys Design Constraints File is required by the TimeQuest Timing Analyzer to get proper timing constraints. Without it, the Compiler will not properly optimize the design.
Info: No user constrained base clocks found in the design. Calling "derive_clocks -period 1.0"
Info: The command derive_clocks did not find any clocks to derive.  No clocks were created or changed.
Warning: No clocks defined in design.
Info: No clocks to report
Info: Analyzing Slow 1200mV 85C Model
Info: No fmax paths to report
Info: No setup paths to report
Info: No hold paths to report
Info: No recovery paths to report
Info: No removal paths to report
Info: No minimum pulse width or minimum period width checks to report
Info: The Metastability Analysis global option is set to OFF.
Info: No synchronizer chains to report.
Info: Analyzing Slow 1200mV 0C Model
Info: Started post-fitting delay annotation
Info: Delay annotation completed successfully
Info: No user constrained base clocks found in the design. Calling "derive_clocks -period 1.0"
Info: The command derive_clocks did not find any clocks to derive.  No clocks were created or changed.
Warning: No clocks defined in design.
Info: No fmax paths to report
Info: No setup paths to report
Info: No hold paths to report
Info: No recovery paths to report
Info: No removal paths to report
Info: No minimum pulse width or minimum period width checks to report
Info: The Metastability Analysis global option is set to OFF.
Info: No synchronizer chains to report.
Info: Analyzing Fast 1200mV 0C Model
Info: Started post-fitting delay annotation
Info: Delay annotation completed successfully
Info: No user constrained base clocks found in the design. Calling "derive_clocks -period 1.0"
Info: The command derive_clocks did not find any clocks to derive.  No clocks were created or changed.
Warning: No clocks defined in design.
Info: No setup paths to report
Info: No hold paths to report
Info: No recovery paths to report
Info: No removal paths to report
Info: No minimum pulse width or minimum period width checks to report
Info: The Metastability Analysis global option is set to OFF.
Info: No synchronizer chains to report.
Warning: At least one of the filters had some problems and could not be matched.
    Warning: * could not be matched with a clock.
Info: Design is not fully constrained for setup requirements
Info: Design is not fully constrained for hold requirements
Info: Quartus II TimeQuest Timing Analyzer was successful. 0 errors, 6 warnings
    Info: Peak virtual memory: 250 megabytes
    Info: Processing ended: Fri Aug 26 15:08:38 2022
    Info: Elapsed time: 00:00:01
    Info: Total CPU time (on all processors): 00:00:01


