Classic Timing Analyzer report for L0703
Sat Sep 10 15:59:48 2022
Quartus II Version 9.0 Build 235 06/17/2009 Service Pack 2 SJ Web Edition


---------------------
; Table of Contents ;
---------------------
  1. Legal Notice
  2. Timing Analyzer Summary
  3. Timing Analyzer Settings
  4. Clock Settings Summary
  5. Parallel Compilation
  6. Clock Setup: 'Clk'
  7. tsu
  8. tco
  9. th
 10. Timing Analyzer Messages



----------------
; Legal Notice ;
----------------
Copyright (C) 1991-2009 Altera Corporation
Your use of Altera Corporation's design tools, logic functions 
and other software and tools, and its AMPP partner logic 
functions, and any output files from any of the foregoing 
(including device programming or simulation files), and any 
associated documentation or information are expressly subject 
to the terms and conditions of the Altera Program License 
Subscription Agreement, Altera MegaCore Function License 
Agreement, or other applicable license agreement, including, 
without limitation, that your use is for the sole purpose of 
programming logic devices manufactured by Altera and sold by 
Altera or its authorized distributors.  Please refer to the 
applicable agreement for further details.



+--------------------------------------------------------------------------------------------------------------------------------------------------------------------+
; Timing Analyzer Summary                                                                                                                                            ;
+------------------------------+-------+---------------+------------------------------------------------+----------+----------+------------+----------+--------------+
; Type                         ; Slack ; Required Time ; Actual Time                                    ; From     ; To       ; From Clock ; To Clock ; Failed Paths ;
+------------------------------+-------+---------------+------------------------------------------------+----------+----------+------------+----------+--------------+
; Worst-case tsu               ; N/A   ; None          ; 3.505 ns                                       ; J        ; var_Q    ; --         ; Clk      ; 0            ;
; Worst-case tco               ; N/A   ; None          ; 6.810 ns                                       ; var_Q    ; Q        ; Clk        ; --       ; 0            ;
; Worst-case th                ; N/A   ; None          ; -2.413 ns                                      ; K        ; var_Q    ; --         ; Clk      ; 0            ;
; Clock Setup: 'Clk'           ; N/A   ; None          ; Restricted to 500.00 MHz ( period = 2.000 ns ) ; var_Qinv ; var_Qinv ; Clk        ; Clk      ; 0            ;
; Total number of failed paths ;       ;               ;                                                ;          ;          ;            ;          ; 0            ;
+------------------------------+-------+---------------+------------------------------------------------+----------+----------+------------+----------+--------------+


+--------------------------------------------------------------------------------------------------------------------+
; Timing Analyzer Settings                                                                                           ;
+---------------------------------------------------------------------+--------------------+------+----+-------------+
; Option                                                              ; Setting            ; From ; To ; Entity Name ;
+---------------------------------------------------------------------+--------------------+------+----+-------------+
; Device Name                                                         ; EP2S15F484C3       ;      ;    ;             ;
; Timing Models                                                       ; Final              ;      ;    ;             ;
; Default hold multicycle                                             ; Same as Multicycle ;      ;    ;             ;
; Cut paths between unrelated clock domains                           ; On                 ;      ;    ;             ;
; Cut off read during write signal paths                              ; On                 ;      ;    ;             ;
; Cut off feedback from I/O pins                                      ; On                 ;      ;    ;             ;
; Report Combined Fast/Slow Timing                                    ; Off                ;      ;    ;             ;
; Ignore Clock Settings                                               ; Off                ;      ;    ;             ;
; Analyze latches as synchronous elements                             ; On                 ;      ;    ;             ;
; Enable Recovery/Removal analysis                                    ; Off                ;      ;    ;             ;
; Enable Clock Latency                                                ; Off                ;      ;    ;             ;
; Use TimeQuest Timing Analyzer                                       ; Off                ;      ;    ;             ;
; Number of source nodes to report per destination node               ; 10                 ;      ;    ;             ;
; Number of destination nodes to report                               ; 10                 ;      ;    ;             ;
; Number of paths to report                                           ; 200                ;      ;    ;             ;
; Report Minimum Timing Checks                                        ; Off                ;      ;    ;             ;
; Use Fast Timing Models                                              ; Off                ;      ;    ;             ;
; Report IO Paths Separately                                          ; Off                ;      ;    ;             ;
; Perform Multicorner Analysis                                        ; On                 ;      ;    ;             ;
; Reports the worst-case path for each clock domain and analysis      ; Off                ;      ;    ;             ;
; Removes common clock path pessimism (CCPP) during slack computation ; Off                ;      ;    ;             ;
; Output I/O Timing Endpoint                                          ; Near End           ;      ;    ;             ;
+---------------------------------------------------------------------+--------------------+------+----+-------------+


+------------------------------------------------------------------------------------------------------------------------------------------------------------------------------------+
; Clock Settings Summary                                                                                                                                                             ;
+-----------------+--------------------+----------+------------------+---------------+--------------+----------+-----------------------+---------------------+--------+--------------+
; Clock Node Name ; Clock Setting Name ; Type     ; Fmax Requirement ; Early Latency ; Late Latency ; Based on ; Multiply Base Fmax by ; Divide Base Fmax by ; Offset ; Phase offset ;
+-----------------+--------------------+----------+------------------+---------------+--------------+----------+-----------------------+---------------------+--------+--------------+
; Clk             ;                    ; User Pin ; None             ; 0.000 ns      ; 0.000 ns     ; --       ; N/A                   ; N/A                 ; N/A    ;              ;
+-----------------+--------------------+----------+------------------+---------------+--------------+----------+-----------------------+---------------------+--------+--------------+


Parallel compilation was disabled, but you have multiple processors available. Enable parallel compilation to reduce compilation time.
+-------------------------------------+
; Parallel Compilation                ;
+----------------------------+--------+
; Processors                 ; Number ;
+----------------------------+--------+
; Number detected on machine ; 12     ;
; Maximum allowed            ; 1      ;
+----------------------------+--------+


+------------------------------------------------------------------------------------------------------------------------------------------------------------------------------------------+
; Clock Setup: 'Clk'                                                                                                                                                                       ;
+-------+------------------------------------------------+----------+----------+------------+----------+-----------------------------+---------------------------+-------------------------+
; Slack ; Actual fmax (period)                           ; From     ; To       ; From Clock ; To Clock ; Required Setup Relationship ; Required Longest P2P Time ; Actual Longest P2P Time ;
+-------+------------------------------------------------+----------+----------+------------+----------+-----------------------------+---------------------------+-------------------------+
; N/A   ; Restricted to 500.00 MHz ( period = 2.000 ns ) ; var_Q    ; var_Q    ; Clk        ; Clk      ; None                        ; None                      ; 0.396 ns                ;
; N/A   ; Restricted to 500.00 MHz ( period = 2.000 ns ) ; var_Qinv ; var_Qinv ; Clk        ; Clk      ; None                        ; None                      ; 0.396 ns                ;
+-------+------------------------------------------------+----------+----------+------------+----------+-----------------------------+---------------------------+-------------------------+


+----------------------------------------------------------------+
; tsu                                                            ;
+-------+--------------+------------+------+----------+----------+
; Slack ; Required tsu ; Actual tsu ; From ; To       ; To Clock ;
+-------+--------------+------------+------+----------+----------+
; N/A   ; None         ; 3.505 ns   ; J    ; var_Q    ; Clk      ;
; N/A   ; None         ; 3.371 ns   ; J    ; var_Qinv ; Clk      ;
; N/A   ; None         ; 2.785 ns   ; K    ; var_Qinv ; Clk      ;
; N/A   ; None         ; 2.652 ns   ; K    ; var_Q    ; Clk      ;
+-------+--------------+------------+------+----------+----------+


+------------------------------------------------------------------+
; tco                                                              ;
+-------+--------------+------------+----------+------+------------+
; Slack ; Required tco ; Actual tco ; From     ; To   ; From Clock ;
+-------+--------------+------------+----------+------+------------+
; N/A   ; None         ; 6.810 ns   ; var_Q    ; Q    ; Clk        ;
; N/A   ; None         ; 5.322 ns   ; var_Qinv ; Qinv ; Clk        ;
+-------+--------------+------------+----------+------+------------+


+----------------------------------------------------------------------+
; th                                                                   ;
+---------------+-------------+-----------+------+----------+----------+
; Minimum Slack ; Required th ; Actual th ; From ; To       ; To Clock ;
+---------------+-------------+-----------+------+----------+----------+
; N/A           ; None        ; -2.413 ns ; K    ; var_Q    ; Clk      ;
; N/A           ; None        ; -2.546 ns ; K    ; var_Qinv ; Clk      ;
; N/A           ; None        ; -3.132 ns ; J    ; var_Qinv ; Clk      ;
; N/A           ; None        ; -3.266 ns ; J    ; var_Q    ; Clk      ;
+---------------+-------------+-----------+------+----------+----------+


+--------------------------+
; Timing Analyzer Messages ;
+--------------------------+
Info: *******************************************************************
Info: Running Quartus II Classic Timing Analyzer
    Info: Version 9.0 Build 235 06/17/2009 Service Pack 2 SJ Web Edition
    Info: Processing started: Sat Sep 10 15:59:48 2022
Info: Command: quartus_tan --read_settings_files=off --write_settings_files=off L0703 -c L0703 --timing_analysis_only
Warning: Found pins functioning as undefined clocks and/or memory enables
    Info: Assuming node "Clk" is an undefined clock
Info: Clock "Clk" Internal fmax is restricted to 500.0 MHz between source register "var_Q" and destination register "var_Q"
    Info: fmax restricted to clock pin edge rate 2.0 ns. Expand message to see actual delay path.
        Info: + Longest register to register delay is 0.396 ns
            Info: 1: + IC(0.000 ns) + CELL(0.000 ns) = 0.000 ns; Loc. = LCFF_X5_Y21_N19; Fanout = 2; REG Node = 'var_Q'
            Info: 2: + IC(0.000 ns) + CELL(0.241 ns) = 0.241 ns; Loc. = LCCOMB_X5_Y21_N18; Fanout = 1; COMB Node = 'var_Q~3'
            Info: 3: + IC(0.000 ns) + CELL(0.155 ns) = 0.396 ns; Loc. = LCFF_X5_Y21_N19; Fanout = 2; REG Node = 'var_Q'
            Info: Total cell delay = 0.396 ns ( 100.00 % )
        Info: - Smallest clock skew is 0.000 ns
            Info: + Shortest clock path from clock "Clk" to destination register is 2.478 ns
                Info: 1: + IC(0.000 ns) + CELL(0.854 ns) = 0.854 ns; Loc. = PIN_N20; Fanout = 1; CLK Node = 'Clk'
                Info: 2: + IC(0.343 ns) + CELL(0.000 ns) = 1.197 ns; Loc. = CLKCTRL_G3; Fanout = 2; COMB Node = 'Clk~clkctrl'
                Info: 3: + IC(0.663 ns) + CELL(0.618 ns) = 2.478 ns; Loc. = LCFF_X5_Y21_N19; Fanout = 2; REG Node = 'var_Q'
                Info: Total cell delay = 1.472 ns ( 59.40 % )
                Info: Total interconnect delay = 1.006 ns ( 40.60 % )
            Info: - Longest clock path from clock "Clk" to source register is 2.478 ns
                Info: 1: + IC(0.000 ns) + CELL(0.854 ns) = 0.854 ns; Loc. = PIN_N20; Fanout = 1; CLK Node = 'Clk'
                Info: 2: + IC(0.343 ns) + CELL(0.000 ns) = 1.197 ns; Loc. = CLKCTRL_G3; Fanout = 2; COMB Node = 'Clk~clkctrl'
                Info: 3: + IC(0.663 ns) + CELL(0.618 ns) = 2.478 ns; Loc. = LCFF_X5_Y21_N19; Fanout = 2; REG Node = 'var_Q'
                Info: Total cell delay = 1.472 ns ( 59.40 % )
                Info: Total interconnect delay = 1.006 ns ( 40.60 % )
        Info: + Micro clock to output delay of source is 0.094 ns
        Info: + Micro setup delay of destination is 0.090 ns
Info: tsu for register "var_Q" (data pin = "J", clock pin = "Clk") is 3.505 ns
    Info: + Longest pin to register delay is 5.893 ns
        Info: 1: + IC(0.000 ns) + CELL(0.837 ns) = 0.837 ns; Loc. = PIN_W15; Fanout = 2; PIN Node = 'J'
        Info: 2: + IC(4.523 ns) + CELL(0.378 ns) = 5.738 ns; Loc. = LCCOMB_X5_Y21_N18; Fanout = 1; COMB Node = 'var_Q~3'
        Info: 3: + IC(0.000 ns) + CELL(0.155 ns) = 5.893 ns; Loc. = LCFF_X5_Y21_N19; Fanout = 2; REG Node = 'var_Q'
        Info: Total cell delay = 1.370 ns ( 23.25 % )
        Info: Total interconnect delay = 4.523 ns ( 76.75 % )
    Info: + Micro setup delay of destination is 0.090 ns
    Info: - Shortest clock path from clock "Clk" to destination register is 2.478 ns
        Info: 1: + IC(0.000 ns) + CELL(0.854 ns) = 0.854 ns; Loc. = PIN_N20; Fanout = 1; CLK Node = 'Clk'
        Info: 2: + IC(0.343 ns) + CELL(0.000 ns) = 1.197 ns; Loc. = CLKCTRL_G3; Fanout = 2; COMB Node = 'Clk~clkctrl'
        Info: 3: + IC(0.663 ns) + CELL(0.618 ns) = 2.478 ns; Loc. = LCFF_X5_Y21_N19; Fanout = 2; REG Node = 'var_Q'
        Info: Total cell delay = 1.472 ns ( 59.40 % )
        Info: Total interconnect delay = 1.006 ns ( 40.60 % )
Info: tco from clock "Clk" to destination pin "Q" through register "var_Q" is 6.810 ns
    Info: + Longest clock path from clock "Clk" to source register is 2.478 ns
        Info: 1: + IC(0.000 ns) + CELL(0.854 ns) = 0.854 ns; Loc. = PIN_N20; Fanout = 1; CLK Node = 'Clk'
        Info: 2: + IC(0.343 ns) + CELL(0.000 ns) = 1.197 ns; Loc. = CLKCTRL_G3; Fanout = 2; COMB Node = 'Clk~clkctrl'
        Info: 3: + IC(0.663 ns) + CELL(0.618 ns) = 2.478 ns; Loc. = LCFF_X5_Y21_N19; Fanout = 2; REG Node = 'var_Q'
        Info: Total cell delay = 1.472 ns ( 59.40 % )
        Info: Total interconnect delay = 1.006 ns ( 40.60 % )
    Info: + Micro clock to output delay of source is 0.094 ns
    Info: + Longest register to pin delay is 4.238 ns
        Info: 1: + IC(0.000 ns) + CELL(0.000 ns) = 0.000 ns; Loc. = LCFF_X5_Y21_N19; Fanout = 2; REG Node = 'var_Q'
        Info: 2: + IC(2.094 ns) + CELL(2.144 ns) = 4.238 ns; Loc. = PIN_E4; Fanout = 0; PIN Node = 'Q'
        Info: Total cell delay = 2.144 ns ( 50.59 % )
        Info: Total interconnect delay = 2.094 ns ( 49.41 % )
Info: th for register "var_Q" (data pin = "K", clock pin = "Clk") is -2.413 ns
    Info: + Longest clock path from clock "Clk" to destination register is 2.478 ns
        Info: 1: + IC(0.000 ns) + CELL(0.854 ns) = 0.854 ns; Loc. = PIN_N20; Fanout = 1; CLK Node = 'Clk'
        Info: 2: + IC(0.343 ns) + CELL(0.000 ns) = 1.197 ns; Loc. = CLKCTRL_G3; Fanout = 2; COMB Node = 'Clk~clkctrl'
        Info: 3: + IC(0.663 ns) + CELL(0.618 ns) = 2.478 ns; Loc. = LCFF_X5_Y21_N19; Fanout = 2; REG Node = 'var_Q'
        Info: Total cell delay = 1.472 ns ( 59.40 % )
        Info: Total interconnect delay = 1.006 ns ( 40.60 % )
    Info: + Micro hold delay of destination is 0.149 ns
    Info: - Shortest pin to register delay is 5.040 ns
        Info: 1: + IC(0.000 ns) + CELL(0.790 ns) = 0.790 ns; Loc. = PIN_J17; Fanout = 2; PIN Node = 'K'
        Info: 2: + IC(3.823 ns) + CELL(0.272 ns) = 4.885 ns; Loc. = LCCOMB_X5_Y21_N18; Fanout = 1; COMB Node = 'var_Q~3'
        Info: 3: + IC(0.000 ns) + CELL(0.155 ns) = 5.040 ns; Loc. = LCFF_X5_Y21_N19; Fanout = 2; REG Node = 'var_Q'
        Info: Total cell delay = 1.217 ns ( 24.15 % )
        Info: Total interconnect delay = 3.823 ns ( 75.85 % )
Info: Quartus II Classic Timing Analyzer was successful. 0 errors, 1 warning
    Info: Peak virtual memory: 195 megabytes
    Info: Processing ended: Sat Sep 10 15:59:48 2022
    Info: Elapsed time: 00:00:00
    Info: Total CPU time (on all processors): 00:00:00


